{
  "stats": {
    "suites": 1,
    "tests": 1,
    "passes": 0,
    "pending": 0,
    "failures": 1,
    "start": "2022-08-22T18:44:19.981Z",
    "end": "2022-08-22T18:44:33.632Z",
    "duration": 13651,
    "testsRegistered": 1,
    "passPercent": 0,
    "pendingPercent": 0,
    "other": 0,
    "hasOther": false,
    "skipped": 0,
    "hasSkipped": false
  },
  "results": [
    {
      "uuid": "e4641e81-3e60-4e84-9793-a8066e6c0346",
      "title": "",
      "fullFile": "cypress/integration/01-coverage_spec.js",
      "file": "cypress/integration/01-coverage_spec.js",
      "beforeHooks": [],
      "afterHooks": [],
      "tests": [],
      "suites": [
        {
          "uuid": "848355ee-594c-4587-a6e3-e99102242423",
          "title": "1 - Desenvolva os testes unitários de maneira que a cobertura seja de, no mínimo, 90%",
          "fullFile": "",
          "file": "",
          "beforeHooks": [],
          "afterHooks": [],
          "tests": [
            {
              "title": "Verifica a cobertura de 90% da aplicação total",
              "fullTitle": "1 - Desenvolva os testes unitários de maneira que a cobertura seja de, no mínimo, 90% Verifica a cobertura de 90% da aplicação total",
              "timedOut": null,
              "duration": 13268,
              "state": "failed",
              "speed": null,
              "pass": false,
              "fail": true,
              "pending": false,
              "context": null,
              "code": "cy.task('getCoverage', getId()).its('total.branches.pct').should('be.gte', 90.00);",
              "err": {
                "message": "AssertionError: Timed out retrying after 10000ms: expected 0 to be at least 90",
                "estack": "AssertionError: Timed out retrying after 10000ms: expected 0 to be at least 90\n    at Context.eval (http://localhost:61240/__cypress/tests?p=cypress/integration/01-coverage_spec.js:106:63)",
                "diff": null
              },
              "uuid": "69c36fc3-2734-40f3-a412-1cb6b5cd6321",
              "parentUUID": "848355ee-594c-4587-a6e3-e99102242423",
              "isHook": false,
              "skipped": false
            }
          ],
          "suites": [],
          "passes": [],
          "failures": [
            "69c36fc3-2734-40f3-a412-1cb6b5cd6321"
          ],
          "pending": [],
          "skipped": [],
          "duration": 13268,
          "root": false,
          "rootEmpty": false,
          "_timeout": 2000
        }
      ],
      "passes": [],
      "failures": [],
      "pending": [],
      "skipped": [],
      "duration": 0,
      "root": true,
      "rootEmpty": true,
      "_timeout": 2000
    }
  ],
  "meta": {
    "mocha": {
      "version": "7.0.1"
    },
    "mochawesome": {
      "options": {
        "quiet": false,
        "reportFilename": "mochawesome",
        "saveHtml": false,
        "saveJson": true,
        "consoleReporter": "spec",
        "useInlineDiffs": false,
        "code": true
      },
      "version": "6.3.1"
    },
    "marge": {
      "options": {
        "id": "default",
        "reportDir": "cypress/reports",
        "overwrite": false,
        "html": false,
        "json": true
      },
      "version": "5.2.0"
    }
  }
}