{"/Users/brenoaraujo/Projetos Trybe/sd-022-b-project-recipes-app/src/App.js": {"path":"/Users/brenoaraujo/Projetos Trybe/sd-022-b-project-recipes-app/src/App.js","statementMap":{"0":{"start":{"line":18,"column":2},"end":{"line":35,"column":4}}},"fnMap":{"0":{"name":"App","decl":{"start":{"line":17,"column":9},"end":{"line":17,"column":12}},"loc":{"start":{"line":17,"column":15},"end":{"line":36,"column":1}},"line":17}},"branchMap":{},"s":{"0":10},"f":{"0":10},"b":{},"_coverageSchema":"1a1c01bbd47fc00a2c39e90264f33305004495a9","hash":"a207aa93e52ef75ac07cb463828fd4fc6fe17872"}
,"/Users/brenoaraujo/Projetos Trybe/sd-022-b-project-recipes-app/src/components/Card.js": {"path":"/Users/brenoaraujo/Projetos Trybe/sd-022-b-project-recipes-app/src/components/Card.js","statementMap":{"0":{"start":{"line":7,"column":20},"end":{"line":7,"column":42}},"1":{"start":{"line":8,"column":18},"end":{"line":8,"column":30}},"2":{"start":{"line":11,"column":4},"end":{"line":15,"column":5}},"3":{"start":{"line":12,"column":6},"end":{"line":12,"column":35}},"4":{"start":{"line":14,"column":6},"end":{"line":14,"column":36}},"5":{"start":{"line":16,"column":4},"end":{"line":16,"column":14}},"6":{"start":{"line":18,"column":2},"end":{"line":32,"column":4}},"7":{"start":{"line":35,"column":0},"end":{"line":41,"column":13}}},"fnMap":{"0":{"name":"Card","decl":{"start":{"line":6,"column":9},"end":{"line":6,"column":13}},"loc":{"start":{"line":6,"column":48},"end":{"line":33,"column":1}},"line":6},"1":{"name":"redirectToDetails","decl":{"start":{"line":10,"column":11},"end":{"line":10,"column":28}},"loc":{"start":{"line":10,"column":31},"end":{"line":17,"column":3}},"line":10}},"branchMap":{"0":{"loc":{"start":{"line":11,"column":4},"end":{"line":15,"column":5}},"type":"if","locations":[{"start":{"line":11,"column":4},"end":{"line":15,"column":5}},{"start":{"line":13,"column":11},"end":{"line":15,"column":5}}],"line":11}},"s":{"0":235,"1":235,"2":0,"3":0,"4":0,"5":0,"6":235,"7":6},"f":{"0":235,"1":0},"b":{"0":[0,0]},"_coverageSchema":"1a1c01bbd47fc00a2c39e90264f33305004495a9","hash":"1a246be58393ba85510a1bf013833ecef50f398a"}
,"/Users/brenoaraujo/Projetos Trybe/sd-022-b-project-recipes-app/src/components/DetailCard.js": {"path":"/Users/brenoaraujo/Projetos Trybe/sd-022-b-project-recipes-app/src/components/DetailCard.js","statementMap":{"0":{"start":{"line":7,"column":12},"end":{"line":7,"column":13}},"1":{"start":{"line":10,"column":38},"end":{"line":10,"column":57}},"2":{"start":{"line":12,"column":23},"end":{"line":12,"column":64}},"3":{"start":{"line":14,"column":2},"end":{"line":20,"column":9}},"4":{"start":{"line":15,"column":26},"end":{"line":18,"column":5}},"5":{"start":{"line":16,"column":29},"end":{"line":16,"column":63}},"6":{"start":{"line":17,"column":6},"end":{"line":17,"column":36}},"7":{"start":{"line":19,"column":4},"end":{"line":19,"column":20}},"8":{"start":{"line":27,"column":29},"end":{"line":87,"column":3}},"9":{"start":{"line":28,"column":4},"end":{"line":57,"column":5}},"10":{"start":{"line":29,"column":24},"end":{"line":29,"column":28}},"11":{"start":{"line":30,"column":21},"end":{"line":30,"column":40}},"12":{"start":{"line":31,"column":6},"end":{"line":31,"column":26}},"13":{"start":{"line":32,"column":26},"end":{"line":50,"column":8}},"14":{"start":{"line":33,"column":8},"end":{"line":49,"column":17}},"15":{"start":{"line":51,"column":6},"end":{"line":51,"column":31}},"16":{"start":{"line":52,"column":6},"end":{"line":56,"column":8}},"17":{"start":{"line":57,"column":6},"end":{"line":86,"column":5}},"18":{"start":{"line":58,"column":25},"end":{"line":58,"column":29}},"19":{"start":{"line":59,"column":21},"end":{"line":59,"column":41}},"20":{"start":{"line":60,"column":6},"end":{"line":60,"column":26}},"21":{"start":{"line":61,"column":26},"end":{"line":79,"column":8}},"22":{"start":{"line":62,"column":8},"end":{"line":78,"column":17}},"23":{"start":{"line":80,"column":6},"end":{"line":80,"column":31}},"24":{"start":{"line":81,"column":6},"end":{"line":85,"column":8}},"25":{"start":{"line":88,"column":2},"end":{"line":95,"column":4}},"26":{"start":{"line":98,"column":0},"end":{"line":100,"column":2}},"27":{"start":{"line":102,"column":0},"end":{"line":104,"column":2}}},"fnMap":{"0":{"name":"DetailCards","decl":{"start":{"line":9,"column":9},"end":{"line":9,"column":20}},"loc":{"start":{"line":9,"column":33},"end":{"line":96,"column":1}},"line":9},"1":{"name":"(anonymous_1)","decl":{"start":{"line":14,"column":12},"end":{"line":14,"column":13}},"loc":{"start":{"line":14,"column":18},"end":{"line":20,"column":3}},"line":14},"2":{"name":"(anonymous_2)","decl":{"start":{"line":15,"column":26},"end":{"line":15,"column":27}},"loc":{"start":{"line":15,"column":38},"end":{"line":18,"column":5}},"line":15},"3":{"name":"(anonymous_3)","decl":{"start":{"line":27,"column":29},"end":{"line":27,"column":30}},"loc":{"start":{"line":27,"column":46},"end":{"line":87,"column":3}},"line":27},"4":{"name":"(anonymous_4)","decl":{"start":{"line":32,"column":37},"end":{"line":32,"column":38}},"loc":{"start":{"line":33,"column":8},"end":{"line":49,"column":17}},"line":33},"5":{"name":"(anonymous_5)","decl":{"start":{"line":61,"column":37},"end":{"line":61,"column":38}},"loc":{"start":{"line":62,"column":8},"end":{"line":78,"column":17}},"line":62}},"branchMap":{"0":{"loc":{"start":{"line":12,"column":23},"end":{"line":12,"column":64}},"type":"cond-expr","locations":[{"start":{"line":12,"column":46},"end":{"line":12,"column":54}},{"start":{"line":12,"column":57},"end":{"line":12,"column":64}}],"line":12},"1":{"loc":{"start":{"line":28,"column":4},"end":{"line":57,"column":5}},"type":"if","locations":[{"start":{"line":28,"column":4},"end":{"line":57,"column":5}},{"start":{},"end":{}}],"line":28},"2":{"loc":{"start":{"line":57,"column":6},"end":{"line":86,"column":5}},"type":"if","locations":[{"start":{"line":57,"column":6},"end":{"line":86,"column":5}},{"start":{},"end":{}}],"line":57},"3":{"loc":{"start":{"line":90,"column":7},"end":{"line":92,"column":54}},"type":"cond-expr","locations":[{"start":{"line":91,"column":10},"end":{"line":91,"column":24}},{"start":{"line":92,"column":10},"end":{"line":92,"column":54}}],"line":90}},"s":{"0":6,"1":0,"2":0,"3":0,"4":0,"5":0,"6":0,"7":0,"8":0,"9":0,"10":0,"11":0,"12":0,"13":0,"14":0,"15":0,"16":0,"17":0,"18":0,"19":0,"20":0,"21":0,"22":0,"23":0,"24":0,"25":0,"26":6,"27":6},"f":{"0":0,"1":0,"2":0,"3":0,"4":0,"5":0},"b":{"0":[0,0],"1":[0,0],"2":[0,0],"3":[0,0]},"_coverageSchema":"1a1c01bbd47fc00a2c39e90264f33305004495a9","hash":"06b29732c15aea86ae49bbb155e1ebc5f77c2068"}
,"/Users/brenoaraujo/Projetos Trybe/sd-022-b-project-recipes-app/src/components/DrinkCards.js": {"path":"/Users/brenoaraujo/Projetos Trybe/sd-022-b-project-recipes-app/src/components/DrinkCards.js","statementMap":{"0":{"start":{"line":5,"column":26},"end":{"line":5,"column":48}},"1":{"start":{"line":6,"column":15},"end":{"line":6,"column":17}},"2":{"start":{"line":8,"column":2},"end":{"line":33,"column":4}},"3":{"start":{"line":15,"column":19},"end":{"line":31,"column":7}}},"fnMap":{"0":{"name":"Cards","decl":{"start":{"line":4,"column":24},"end":{"line":4,"column":29}},"loc":{"start":{"line":4,"column":32},"end":{"line":34,"column":1}},"line":4},"1":{"name":"(anonymous_1)","decl":{"start":{"line":10,"column":24},"end":{"line":10,"column":25}},"loc":{"start":{"line":15,"column":19},"end":{"line":31,"column":7}},"line":15}},"branchMap":{"0":{"loc":{"start":{"line":15,"column":19},"end":{"line":31,"column":7}},"type":"binary-expr","locations":[{"start":{"line":15,"column":20},"end":{"line":15,"column":32}},{"start":{"line":16,"column":8},"end":{"line":30,"column":14}}],"line":15}},"s":{"0":34,"1":33,"2":33,"3":150},"f":{"0":34,"1":150},"b":{"0":[150,72]},"_coverageSchema":"1a1c01bbd47fc00a2c39e90264f33305004495a9","hash":"1fd3a8ed45d60a22e0c2e90b11649d150e8028a3"}
,"/Users/brenoaraujo/Projetos Trybe/sd-022-b-project-recipes-app/src/components/FoodCards.js": {"path":"/Users/brenoaraujo/Projetos Trybe/sd-022-b-project-recipes-app/src/components/FoodCards.js","statementMap":{"0":{"start":{"line":5,"column":26},"end":{"line":5,"column":48}},"1":{"start":{"line":6,"column":15},"end":{"line":6,"column":17}},"2":{"start":{"line":8,"column":2},"end":{"line":33,"column":4}},"3":{"start":{"line":15,"column":19},"end":{"line":31,"column":7}}},"fnMap":{"0":{"name":"Cards","decl":{"start":{"line":4,"column":24},"end":{"line":4,"column":29}},"loc":{"start":{"line":4,"column":32},"end":{"line":34,"column":1}},"line":4},"1":{"name":"(anonymous_1)","decl":{"start":{"line":10,"column":24},"end":{"line":10,"column":25}},"loc":{"start":{"line":15,"column":19},"end":{"line":31,"column":7}},"line":15}},"branchMap":{"0":{"loc":{"start":{"line":15,"column":19},"end":{"line":31,"column":7}},"type":"binary-expr","locations":[{"start":{"line":15,"column":20},"end":{"line":15,"column":32}},{"start":{"line":16,"column":8},"end":{"line":30,"column":14}}],"line":15}},"s":{"0":55,"1":55,"2":55,"3":225},"f":{"0":55,"1":225},"b":{"0":[225,108]},"_coverageSchema":"1a1c01bbd47fc00a2c39e90264f33305004495a9","hash":"436fe7a74e5bb1f89de6f49877f44bf241211734"}
,"/Users/brenoaraujo/Projetos Trybe/sd-022-b-project-recipes-app/src/components/Footer.js": {"path":"/Users/brenoaraujo/Projetos Trybe/sd-022-b-project-recipes-app/src/components/Footer.js","statementMap":{"0":{"start":{"line":7,"column":2},"end":{"line":31,"column":4}}},"fnMap":{"0":{"name":"Footer","decl":{"start":{"line":6,"column":24},"end":{"line":6,"column":30}},"loc":{"start":{"line":6,"column":33},"end":{"line":32,"column":1}},"line":6}},"branchMap":{},"s":{"0":90},"f":{"0":90},"b":{},"_coverageSchema":"1a1c01bbd47fc00a2c39e90264f33305004495a9","hash":"117cc782339eed2c0c86b3b3c8500899b5de94e2"}
,"/Users/brenoaraujo/Projetos Trybe/sd-022-b-project-recipes-app/src/components/Header.js": {"path":"/Users/brenoaraujo/Projetos Trybe/sd-022-b-project-recipes-app/src/components/Header.js","statementMap":{"0":{"start":{"line":9,"column":36},"end":{"line":9,"column":58}},"1":{"start":{"line":10,"column":40},"end":{"line":10,"column":55}},"2":{"start":{"line":11,"column":21},"end":{"line":11,"column":55}},"3":{"start":{"line":11,"column":27},"end":{"line":11,"column":55}},"4":{"start":{"line":13,"column":23},"end":{"line":15,"column":3}},"5":{"start":{"line":14,"column":4},"end":{"line":14,"column":33}},"6":{"start":{"line":17,"column":2},"end":{"line":58,"column":4}}},"fnMap":{"0":{"name":"Header","decl":{"start":{"line":8,"column":24},"end":{"line":8,"column":30}},"loc":{"start":{"line":8,"column":33},"end":{"line":59,"column":1}},"line":8},"1":{"name":"(anonymous_1)","decl":{"start":{"line":11,"column":21},"end":{"line":11,"column":22}},"loc":{"start":{"line":11,"column":27},"end":{"line":11,"column":55}},"line":11},"2":{"name":"(anonymous_2)","decl":{"start":{"line":13,"column":23},"end":{"line":13,"column":24}},"loc":{"start":{"line":13,"column":39},"end":{"line":15,"column":3}},"line":13}},"branchMap":{"0":{"loc":{"start":{"line":22,"column":8},"end":{"line":34,"column":8}},"type":"binary-expr","locations":[{"start":{"line":22,"column":9},"end":{"line":22,"column":33}},{"start":{"line":22,"column":37},"end":{"line":22,"column":65}},{"start":{"line":22,"column":69},"end":{"line":22,"column":88}},{"start":{"line":24,"column":9},"end":{"line":33,"column":18}}],"line":22},"1":{"loc":{"start":{"line":35,"column":8},"end":{"line":46,"column":14}},"type":"cond-expr","locations":[{"start":{"line":37,"column":10},"end":{"line":44,"column":16}},{"start":{"line":46,"column":10},"end":{"line":46,"column":14}}],"line":35}},"s":{"0":98,"1":97,"2":97,"3":7,"4":97,"5":56,"6":97},"f":{"0":98,"1":7,"2":56},"b":{"0":[97,97,97,96],"1":[72,25]},"_coverageSchema":"1a1c01bbd47fc00a2c39e90264f33305004495a9","hash":"ef3dc758ca3667d2a87718369e37f4e733801af5"}
,"/Users/brenoaraujo/Projetos Trybe/sd-022-b-project-recipes-app/src/components/RecipeDetails.js": {"path":"/Users/brenoaraujo/Projetos Trybe/sd-022-b-project-recipes-app/src/components/RecipeDetails.js","statementMap":{"0":{"start":{"line":11,"column":18},"end":{"line":11,"column":30}},"1":{"start":{"line":17,"column":6},"end":{"line":17,"column":28}},"2":{"start":{"line":20,"column":22},"end":{"line":20,"column":45}},"3":{"start":{"line":21,"column":4},"end":{"line":21,"column":21}},"4":{"start":{"line":24,"column":23},"end":{"line":24,"column":47}},"5":{"start":{"line":25,"column":4},"end":{"line":25,"column":22}},"6":{"start":{"line":28,"column":2},"end":{"line":34,"column":9}},"7":{"start":{"line":29,"column":4},"end":{"line":33,"column":5}},"8":{"start":{"line":30,"column":6},"end":{"line":30,"column":23}},"9":{"start":{"line":31,"column":11},"end":{"line":33,"column":5}},"10":{"start":{"line":32,"column":6},"end":{"line":32,"column":24}},"11":{"start":{"line":36,"column":28},"end":{"line":50,"column":3}},"12":{"start":{"line":37,"column":32},"end":{"line":38,"column":71}},"13":{"start":{"line":37,"column":53},"end":{"line":38,"column":70}},"14":{"start":{"line":39,"column":21},"end":{"line":39,"column":87}},"15":{"start":{"line":39,"column":64},"end":{"line":39,"column":82}},"16":{"start":{"line":40,"column":29},"end":{"line":41,"column":69}},"17":{"start":{"line":40,"column":50},"end":{"line":41,"column":68}},"18":{"start":{"line":42,"column":21},"end":{"line":42,"column":84}},"19":{"start":{"line":42,"column":61},"end":{"line":42,"column":79}},"20":{"start":{"line":43,"column":23},"end":{"line":43,"column":82}},"21":{"start":{"line":43,"column":52},"end":{"line":43,"column":81}},"22":{"start":{"line":45,"column":4},"end":{"line":49,"column":17}},"23":{"start":{"line":47,"column":8},"end":{"line":49,"column":13}},"24":{"start":{"line":52,"column":24},"end":{"line":68,"column":3}},"25":{"start":{"line":53,"column":19},"end":{"line":53,"column":82}},"26":{"start":{"line":54,"column":4},"end":{"line":67,"column":6}},"27":{"start":{"line":69,"column":22},"end":{"line":73,"column":3}},"28":{"start":{"line":70,"column":21},"end":{"line":70,"column":72}},"29":{"start":{"line":71,"column":4},"end":{"line":71,"column":44}},"30":{"start":{"line":72,"column":4},"end":{"line":72,"column":26}},"31":{"start":{"line":75,"column":25},"end":{"line":103,"column":3}},"32":{"start":{"line":76,"column":4},"end":{"line":102,"column":5}},"33":{"start":{"line":77,"column":27},"end":{"line":87,"column":8}},"34":{"start":{"line":78,"column":8},"end":{"line":86,"column":9}},"35":{"start":{"line":88,"column":6},"end":{"line":88,"column":83}},"36":{"start":{"line":89,"column":11},"end":{"line":102,"column":5}},"37":{"start":{"line":90,"column":27},"end":{"line":100,"column":8}},"38":{"start":{"line":91,"column":8},"end":{"line":99,"column":9}},"39":{"start":{"line":101,"column":6},"end":{"line":101,"column":83}},"40":{"start":{"line":105,"column":2},"end":{"line":157,"column":3}},"41":{"start":{"line":106,"column":4},"end":{"line":156,"column":6}},"42":{"start":{"line":109,"column":10},"end":{"line":153,"column":16}},"43":{"start":{"line":149,"column":30},"end":{"line":149,"column":50}},"44":{"start":{"line":157,"column":4},"end":{"line":206,"column":3}},"45":{"start":{"line":158,"column":4},"end":{"line":205,"column":6}},"46":{"start":{"line":161,"column":10},"end":{"line":202,"column":16}},"47":{"start":{"line":198,"column":30},"end":{"line":198,"column":50}},"48":{"start":{"line":209,"column":0},"end":{"line":212,"column":2}}},"fnMap":{"0":{"name":"RecipeDetails","decl":{"start":{"line":10,"column":9},"end":{"line":10,"column":22}},"loc":{"start":{"line":10,"column":37},"end":{"line":207,"column":1}},"line":10},"1":{"name":"getFoodDetails","decl":{"start":{"line":19,"column":17},"end":{"line":19,"column":31}},"loc":{"start":{"line":19,"column":34},"end":{"line":22,"column":3}},"line":19},"2":{"name":"getDrinkDetails","decl":{"start":{"line":23,"column":17},"end":{"line":23,"column":32}},"loc":{"start":{"line":23,"column":35},"end":{"line":26,"column":3}},"line":23},"3":{"name":"(anonymous_3)","decl":{"start":{"line":28,"column":12},"end":{"line":28,"column":13}},"loc":{"start":{"line":28,"column":18},"end":{"line":34,"column":3}},"line":28},"4":{"name":"(anonymous_4)","decl":{"start":{"line":36,"column":28},"end":{"line":36,"column":29}},"loc":{"start":{"line":36,"column":38},"end":{"line":50,"column":3}},"line":36},"5":{"name":"(anonymous_5)","decl":{"start":{"line":37,"column":44},"end":{"line":37,"column":45}},"loc":{"start":{"line":37,"column":53},"end":{"line":38,"column":70}},"line":37},"6":{"name":"(anonymous_6)","decl":{"start":{"line":39,"column":48},"end":{"line":39,"column":49}},"loc":{"start":{"line":39,"column":64},"end":{"line":39,"column":82}},"line":39},"7":{"name":"(anonymous_7)","decl":{"start":{"line":40,"column":41},"end":{"line":40,"column":42}},"loc":{"start":{"line":40,"column":50},"end":{"line":41,"column":68}},"line":40},"8":{"name":"(anonymous_8)","decl":{"start":{"line":42,"column":45},"end":{"line":42,"column":46}},"loc":{"start":{"line":42,"column":61},"end":{"line":42,"column":79}},"line":42},"9":{"name":"(anonymous_9)","decl":{"start":{"line":43,"column":36},"end":{"line":43,"column":37}},"loc":{"start":{"line":43,"column":52},"end":{"line":43,"column":81}},"line":43},"10":{"name":"(anonymous_10)","decl":{"start":{"line":46,"column":21},"end":{"line":46,"column":22}},"loc":{"start":{"line":47,"column":8},"end":{"line":49,"column":13}},"line":47},"11":{"name":"(anonymous_11)","decl":{"start":{"line":52,"column":24},"end":{"line":52,"column":25}},"loc":{"start":{"line":52,"column":33},"end":{"line":68,"column":3}},"line":52},"12":{"name":"(anonymous_12)","decl":{"start":{"line":69,"column":22},"end":{"line":69,"column":23}},"loc":{"start":{"line":69,"column":28},"end":{"line":73,"column":3}},"line":69},"13":{"name":"(anonymous_13)","decl":{"start":{"line":75,"column":25},"end":{"line":75,"column":26}},"loc":{"start":{"line":75,"column":36},"end":{"line":103,"column":3}},"line":75},"14":{"name":"(anonymous_14)","decl":{"start":{"line":77,"column":38},"end":{"line":77,"column":39}},"loc":{"start":{"line":78,"column":8},"end":{"line":86,"column":9}},"line":78},"15":{"name":"(anonymous_15)","decl":{"start":{"line":90,"column":38},"end":{"line":90,"column":39}},"loc":{"start":{"line":91,"column":8},"end":{"line":99,"column":9}},"line":91},"16":{"name":"(anonymous_16)","decl":{"start":{"line":108,"column":20},"end":{"line":108,"column":21}},"loc":{"start":{"line":109,"column":10},"end":{"line":153,"column":16}},"line":109},"17":{"name":"(anonymous_17)","decl":{"start":{"line":149,"column":24},"end":{"line":149,"column":25}},"loc":{"start":{"line":149,"column":30},"end":{"line":149,"column":50}},"line":149},"18":{"name":"(anonymous_18)","decl":{"start":{"line":160,"column":20},"end":{"line":160,"column":21}},"loc":{"start":{"line":161,"column":10},"end":{"line":202,"column":16}},"line":161},"19":{"name":"(anonymous_19)","decl":{"start":{"line":198,"column":24},"end":{"line":198,"column":25}},"loc":{"start":{"line":198,"column":30},"end":{"line":198,"column":50}},"line":198}},"branchMap":{"0":{"loc":{"start":{"line":29,"column":4},"end":{"line":33,"column":5}},"type":"if","locations":[{"start":{"line":29,"column":4},"end":{"line":33,"column":5}},{"start":{"line":31,"column":11},"end":{"line":33,"column":5}}],"line":29},"1":{"loc":{"start":{"line":31,"column":11},"end":{"line":33,"column":5}},"type":"if","locations":[{"start":{"line":31,"column":11},"end":{"line":33,"column":5}},{"start":{},"end":{}}],"line":31},"2":{"loc":{"start":{"line":37,"column":53},"end":{"line":38,"column":70}},"type":"binary-expr","locations":[{"start":{"line":37,"column":53},"end":{"line":38,"column":32}},{"start":{"line":38,"column":37},"end":{"line":38,"column":52}},{"start":{"line":38,"column":56},"end":{"line":38,"column":69}}],"line":37},"3":{"loc":{"start":{"line":40,"column":50},"end":{"line":41,"column":68}},"type":"binary-expr","locations":[{"start":{"line":40,"column":50},"end":{"line":41,"column":29}},{"start":{"line":41,"column":34},"end":{"line":41,"column":49}},{"start":{"line":41,"column":53},"end":{"line":41,"column":67}}],"line":40},"4":{"loc":{"start":{"line":53,"column":19},"end":{"line":53,"column":82}},"type":"cond-expr","locations":[{"start":{"line":53,"column":43},"end":{"line":53,"column":76}},{"start":{"line":53,"column":79},"end":{"line":53,"column":82}}],"line":53},"5":{"loc":{"start":{"line":76,"column":4},"end":{"line":102,"column":5}},"type":"if","locations":[{"start":{"line":76,"column":4},"end":{"line":102,"column":5}},{"start":{"line":89,"column":11},"end":{"line":102,"column":5}}],"line":76},"6":{"loc":{"start":{"line":89,"column":11},"end":{"line":102,"column":5}},"type":"if","locations":[{"start":{"line":89,"column":11},"end":{"line":102,"column":5}},{"start":{},"end":{}}],"line":89},"7":{"loc":{"start":{"line":105,"column":2},"end":{"line":157,"column":3}},"type":"if","locations":[{"start":{"line":105,"column":2},"end":{"line":157,"column":3}},{"start":{},"end":{}}],"line":105},"8":{"loc":{"start":{"line":157,"column":4},"end":{"line":206,"column":3}},"type":"if","locations":[{"start":{"line":157,"column":4},"end":{"line":206,"column":3}},{"start":{},"end":{}}],"line":157}},"s":{"0":7,"1":7,"2":3,"3":0,"4":3,"5":0,"6":7,"7":6,"8":3,"9":3,"10":3,"11":7,"12":0,"13":0,"14":0,"15":0,"16":0,"17":0,"18":0,"19":0,"20":0,"21":0,"22":0,"23":0,"24":7,"25":0,"26":0,"27":7,"28":0,"29":0,"30":0,"31":7,"32":0,"33":0,"34":0,"35":0,"36":0,"37":0,"38":0,"39":0,"40":7,"41":4,"42":0,"43":0,"44":3,"45":3,"46":0,"47":0,"48":6},"f":{"0":7,"1":3,"2":3,"3":6,"4":0,"5":0,"6":0,"7":0,"8":0,"9":0,"10":0,"11":0,"12":0,"13":0,"14":0,"15":0,"16":0,"17":0,"18":0,"19":0},"b":{"0":[3,3],"1":[3,0],"2":[0,0,0],"3":[0,0,0],"4":[0,0],"5":[0,0],"6":[0,0],"7":[4,3],"8":[3,0]},"_coverageSchema":"1a1c01bbd47fc00a2c39e90264f33305004495a9","hash":"ee1a58d1591520cc646d3113c1eee10d0e523d09"}
,"/Users/brenoaraujo/Projetos Trybe/sd-022-b-project-recipes-app/src/components/Recipes.js": {"path":"/Users/brenoaraujo/Projetos Trybe/sd-022-b-project-recipes-app/src/components/Recipes.js","statementMap":{"0":{"start":{"line":8,"column":22},"end":{"line":8,"column":24}},"1":{"start":{"line":9,"column":25},"end":{"line":9,"column":26}},"2":{"start":{"line":11,"column":16},"end":{"line":11,"column":30}},"3":{"start":{"line":13,"column":50},"end":{"line":13,"column":62}},"4":{"start":{"line":14,"column":52},"end":{"line":14,"column":64}},"5":{"start":{"line":15,"column":48},"end":{"line":15,"column":60}},"6":{"start":{"line":16,"column":50},"end":{"line":16,"column":62}},"7":{"start":{"line":17,"column":46},"end":{"line":17,"column":58}},"8":{"start":{"line":18,"column":26},"end":{"line":18,"column":38}},"9":{"start":{"line":19,"column":19},"end":{"line":19,"column":21}},"10":{"start":{"line":22,"column":21},"end":{"line":22,"column":39}},"11":{"start":{"line":23,"column":4},"end":{"line":23,"column":80}},"12":{"start":{"line":23,"column":57},"end":{"line":23,"column":77}},"13":{"start":{"line":24,"column":22},"end":{"line":24,"column":48}},"14":{"start":{"line":25,"column":4},"end":{"line":26,"column":57}},"15":{"start":{"line":26,"column":31},"end":{"line":26,"column":54}},"16":{"start":{"line":30,"column":19},"end":{"line":30,"column":38}},"17":{"start":{"line":31,"column":4},"end":{"line":31,"column":79}},"18":{"start":{"line":31,"column":56},"end":{"line":31,"column":76}},"19":{"start":{"line":32,"column":30},"end":{"line":32,"column":59}},"20":{"start":{"line":33,"column":4},"end":{"line":34,"column":57}},"21":{"start":{"line":34,"column":31},"end":{"line":34,"column":54}},"22":{"start":{"line":38,"column":4},"end":{"line":45,"column":5}},"23":{"start":{"line":39,"column":6},"end":{"line":39,"column":23}},"24":{"start":{"line":41,"column":6},"end":{"line":41,"column":22}},"25":{"start":{"line":43,"column":28},"end":{"line":43,"column":41}},"26":{"start":{"line":44,"column":6},"end":{"line":44,"column":82}},"27":{"start":{"line":44,"column":56},"end":{"line":44,"column":79}},"28":{"start":{"line":48,"column":2},"end":{"line":50,"column":9}},"29":{"start":{"line":49,"column":4},"end":{"line":49,"column":19}},"30":{"start":{"line":53,"column":4},"end":{"line":62,"column":6}},"31":{"start":{"line":66,"column":4},"end":{"line":75,"column":6}},"32":{"start":{"line":79,"column":26},"end":{"line":79,"column":56}},"33":{"start":{"line":80,"column":4},"end":{"line":86,"column":5}},"34":{"start":{"line":81,"column":24},"end":{"line":81,"column":37}},"35":{"start":{"line":82,"column":6},"end":{"line":82,"column":79}},"36":{"start":{"line":82,"column":56},"end":{"line":82,"column":76}},"37":{"start":{"line":84,"column":25},"end":{"line":84,"column":38}},"38":{"start":{"line":85,"column":6},"end":{"line":85,"column":81}},"39":{"start":{"line":85,"column":58},"end":{"line":85,"column":78}},"40":{"start":{"line":90,"column":4},"end":{"line":96,"column":5}},"41":{"start":{"line":91,"column":6},"end":{"line":91,"column":28}},"42":{"start":{"line":92,"column":6},"end":{"line":92,"column":21}},"43":{"start":{"line":94,"column":6},"end":{"line":94,"column":31}},"44":{"start":{"line":95,"column":6},"end":{"line":95,"column":23}},"45":{"start":{"line":100,"column":4},"end":{"line":104,"column":5}},"46":{"start":{"line":101,"column":6},"end":{"line":101,"column":36}},"47":{"start":{"line":103,"column":6},"end":{"line":103,"column":35}},"48":{"start":{"line":106,"column":2},"end":{"line":106,"column":15}},"49":{"start":{"line":108,"column":2},"end":{"line":134,"column":4}},"50":{"start":{"line":119,"column":10},"end":{"line":126,"column":19}},"51":{"start":{"line":123,"column":30},"end":{"line":123,"column":59}},"52":{"start":{"line":130,"column":50},"end":{"line":130,"column":71}},"53":{"start":{"line":131,"column":52},"end":{"line":131,"column":75}},"54":{"start":{"line":137,"column":0},"end":{"line":139,"column":13}}},"fnMap":{"0":{"name":"Recipes","decl":{"start":{"line":7,"column":9},"end":{"line":7,"column":16}},"loc":{"start":{"line":7,"column":27},"end":{"line":135,"column":1}},"line":7},"1":{"name":"fetchMealsAPI","decl":{"start":{"line":21,"column":17},"end":{"line":21,"column":30}},"loc":{"start":{"line":21,"column":33},"end":{"line":27,"column":3}},"line":21},"2":{"name":"(anonymous_2)","decl":{"start":{"line":23,"column":40},"end":{"line":23,"column":41}},"loc":{"start":{"line":23,"column":57},"end":{"line":23,"column":77}},"line":23},"3":{"name":"(anonymous_3)","decl":{"start":{"line":26,"column":14},"end":{"line":26,"column":15}},"loc":{"start":{"line":26,"column":31},"end":{"line":26,"column":54}},"line":26},"4":{"name":"fetchDrinksAPI","decl":{"start":{"line":29,"column":17},"end":{"line":29,"column":31}},"loc":{"start":{"line":29,"column":34},"end":{"line":35,"column":3}},"line":29},"5":{"name":"(anonymous_5)","decl":{"start":{"line":31,"column":39},"end":{"line":31,"column":40}},"loc":{"start":{"line":31,"column":56},"end":{"line":31,"column":76}},"line":31},"6":{"name":"(anonymous_6)","decl":{"start":{"line":34,"column":14},"end":{"line":34,"column":15}},"loc":{"start":{"line":34,"column":31},"end":{"line":34,"column":54}},"line":34},"7":{"name":"resetFilters","decl":{"start":{"line":37,"column":11},"end":{"line":37,"column":23}},"loc":{"start":{"line":37,"column":26},"end":{"line":46,"column":3}},"line":37},"8":{"name":"(anonymous_8)","decl":{"start":{"line":44,"column":39},"end":{"line":44,"column":40}},"loc":{"start":{"line":44,"column":56},"end":{"line":44,"column":79}},"line":44},"9":{"name":"(anonymous_9)","decl":{"start":{"line":48,"column":12},"end":{"line":48,"column":13}},"loc":{"start":{"line":48,"column":18},"end":{"line":50,"column":3}},"line":48},"10":{"name":"mealsMap","decl":{"start":{"line":52,"column":11},"end":{"line":52,"column":19}},"loc":{"start":{"line":52,"column":33},"end":{"line":63,"column":3}},"line":52},"11":{"name":"drinksMap","decl":{"start":{"line":65,"column":11},"end":{"line":65,"column":20}},"loc":{"start":{"line":65,"column":35},"end":{"line":76,"column":3}},"line":65},"12":{"name":"setFilter","decl":{"start":{"line":78,"column":17},"end":{"line":78,"column":26}},"loc":{"start":{"line":78,"column":34},"end":{"line":87,"column":3}},"line":78},"13":{"name":"(anonymous_13)","decl":{"start":{"line":82,"column":39},"end":{"line":82,"column":40}},"loc":{"start":{"line":82,"column":56},"end":{"line":82,"column":76}},"line":82},"14":{"name":"(anonymous_14)","decl":{"start":{"line":85,"column":41},"end":{"line":85,"column":42}},"loc":{"start":{"line":85,"column":58},"end":{"line":85,"column":78}},"line":85},"15":{"name":"filter","decl":{"start":{"line":89,"column":11},"end":{"line":89,"column":17}},"loc":{"start":{"line":89,"column":25},"end":{"line":97,"column":3}},"line":89},"16":{"name":"validation","decl":{"start":{"line":99,"column":11},"end":{"line":99,"column":21}},"loc":{"start":{"line":99,"column":24},"end":{"line":105,"column":3}},"line":99},"17":{"name":"(anonymous_17)","decl":{"start":{"line":118,"column":25},"end":{"line":118,"column":26}},"loc":{"start":{"line":119,"column":10},"end":{"line":126,"column":19}},"line":119},"18":{"name":"(anonymous_18)","decl":{"start":{"line":123,"column":22},"end":{"line":123,"column":23}},"loc":{"start":{"line":123,"column":28},"end":{"line":123,"column":61}},"line":123},"19":{"name":"(anonymous_19)","decl":{"start":{"line":130,"column":33},"end":{"line":130,"column":34}},"loc":{"start":{"line":130,"column":50},"end":{"line":130,"column":71}},"line":130},"20":{"name":"(anonymous_20)","decl":{"start":{"line":131,"column":34},"end":{"line":131,"column":35}},"loc":{"start":{"line":131,"column":52},"end":{"line":131,"column":75}},"line":131}},"branchMap":{"0":{"loc":{"start":{"line":38,"column":4},"end":{"line":45,"column":5}},"type":"if","locations":[{"start":{"line":38,"column":4},"end":{"line":45,"column":5}},{"start":{"line":42,"column":11},"end":{"line":45,"column":5}}],"line":38},"1":{"loc":{"start":{"line":80,"column":4},"end":{"line":86,"column":5}},"type":"if","locations":[{"start":{"line":80,"column":4},"end":{"line":86,"column":5}},{"start":{"line":83,"column":11},"end":{"line":86,"column":5}}],"line":80},"2":{"loc":{"start":{"line":90,"column":4},"end":{"line":96,"column":5}},"type":"if","locations":[{"start":{"line":90,"column":4},"end":{"line":96,"column":5}},{"start":{"line":93,"column":11},"end":{"line":96,"column":5}}],"line":90},"3":{"loc":{"start":{"line":100,"column":4},"end":{"line":104,"column":5}},"type":"if","locations":[{"start":{"line":100,"column":4},"end":{"line":104,"column":5}},{"start":{"line":102,"column":11},"end":{"line":104,"column":5}}],"line":100},"4":{"loc":{"start":{"line":129,"column":8},"end":{"line":131,"column":76}},"type":"cond-expr","locations":[{"start":{"line":130,"column":12},"end":{"line":130,"column":72}},{"start":{"line":131,"column":12},"end":{"line":131,"column":76}}],"line":129}},"s":{"0":103,"1":103,"2":103,"3":103,"4":103,"5":103,"6":103,"7":103,"8":103,"9":103,"10":15,"11":4,"12":100,"13":4,"14":4,"15":78,"16":15,"17":4,"18":50,"19":2,"20":2,"21":22,"22":15,"23":15,"24":15,"25":0,"26":0,"27":0,"28":103,"29":13,"30":235,"31":0,"32":1,"33":1,"34":1,"35":1,"36":7,"37":0,"38":0,"39":0,"40":1,"41":0,"42":0,"43":1,"44":1,"45":103,"46":35,"47":68,"48":103,"49":103,"50":75,"51":1,"52":235,"53":0,"54":6},"f":{"0":103,"1":15,"2":100,"3":78,"4":15,"5":50,"6":22,"7":15,"8":0,"9":13,"10":235,"11":0,"12":1,"13":7,"14":0,"15":1,"16":103,"17":75,"18":1,"19":235,"20":0},"b":{"0":[15,0],"1":[1,0],"2":[0,1],"3":[35,68],"4":[67,36]},"_coverageSchema":"1a1c01bbd47fc00a2c39e90264f33305004495a9","hash":"aed21a45a74fb8d6996a5431579d45148aaad24b"}
,"/Users/brenoaraujo/Projetos Trybe/sd-022-b-project-recipes-app/src/components/SearchBar.js": {"path":"/Users/brenoaraujo/Projetos Trybe/sd-022-b-project-recipes-app/src/components/SearchBar.js","statementMap":{"0":{"start":{"line":18,"column":18},"end":{"line":18,"column":30}},"1":{"start":{"line":19,"column":34},"end":{"line":19,"column":46}},"2":{"start":{"line":20,"column":49},"end":{"line":20,"column":71}},"3":{"start":{"line":21,"column":42},"end":{"line":21,"column":54}},"4":{"start":{"line":23,"column":2},"end":{"line":33,"column":21}},"5":{"start":{"line":24,"column":4},"end":{"line":32,"column":5}},"6":{"start":{"line":25,"column":6},"end":{"line":31,"column":7}},"7":{"start":{"line":26,"column":8},"end":{"line":26,"column":80}},"8":{"start":{"line":27,"column":13},"end":{"line":31,"column":7}},"9":{"start":{"line":28,"column":8},"end":{"line":28,"column":57}},"10":{"start":{"line":30,"column":8},"end":{"line":30,"column":37}},"11":{"start":{"line":35,"column":2},"end":{"line":45,"column":21}},"12":{"start":{"line":36,"column":4},"end":{"line":44,"column":5}},"13":{"start":{"line":37,"column":6},"end":{"line":43,"column":7}},"14":{"start":{"line":38,"column":8},"end":{"line":38,"column":80}},"15":{"start":{"line":39,"column":13},"end":{"line":43,"column":7}},"16":{"start":{"line":40,"column":8},"end":{"line":40,"column":59}},"17":{"start":{"line":42,"column":8},"end":{"line":42,"column":37}},"18":{"start":{"line":47,"column":21},"end":{"line":61,"column":3}},"19":{"start":{"line":48,"column":4},"end":{"line":51,"column":5}},"20":{"start":{"line":49,"column":22},"end":{"line":49,"column":57}},"21":{"start":{"line":50,"column":6},"end":{"line":50,"column":44}},"22":{"start":{"line":51,"column":6},"end":{"line":54,"column":5}},"23":{"start":{"line":52,"column":22},"end":{"line":52,"column":51}},"24":{"start":{"line":53,"column":6},"end":{"line":53,"column":44}},"25":{"start":{"line":54,"column":6},"end":{"line":60,"column":5}},"26":{"start":{"line":55,"column":6},"end":{"line":57,"column":7}},"27":{"start":{"line":56,"column":8},"end":{"line":56,"column":69}},"28":{"start":{"line":58,"column":22},"end":{"line":58,"column":57}},"29":{"start":{"line":59,"column":6},"end":{"line":59,"column":44}},"30":{"start":{"line":63,"column":22},"end":{"line":77,"column":3}},"31":{"start":{"line":64,"column":4},"end":{"line":67,"column":5}},"32":{"start":{"line":65,"column":22},"end":{"line":65,"column":62}},"33":{"start":{"line":66,"column":6},"end":{"line":66,"column":45}},"34":{"start":{"line":67,"column":6},"end":{"line":70,"column":5}},"35":{"start":{"line":68,"column":22},"end":{"line":68,"column":56}},"36":{"start":{"line":69,"column":6},"end":{"line":69,"column":45}},"37":{"start":{"line":70,"column":6},"end":{"line":76,"column":5}},"38":{"start":{"line":71,"column":6},"end":{"line":73,"column":7}},"39":{"start":{"line":72,"column":8},"end":{"line":72,"column":69}},"40":{"start":{"line":74,"column":22},"end":{"line":74,"column":62}},"41":{"start":{"line":75,"column":6},"end":{"line":75,"column":45}},"42":{"start":{"line":79,"column":23},"end":{"line":81,"column":3}},"43":{"start":{"line":80,"column":4},"end":{"line":80,"column":27}},"44":{"start":{"line":83,"column":2},"end":{"line":123,"column":4}}},"fnMap":{"0":{"name":"SearchBar","decl":{"start":{"line":17,"column":24},"end":{"line":17,"column":33}},"loc":{"start":{"line":17,"column":36},"end":{"line":124,"column":1}},"line":17},"1":{"name":"(anonymous_1)","decl":{"start":{"line":23,"column":12},"end":{"line":23,"column":13}},"loc":{"start":{"line":23,"column":18},"end":{"line":33,"column":3}},"line":23},"2":{"name":"(anonymous_2)","decl":{"start":{"line":35,"column":12},"end":{"line":35,"column":13}},"loc":{"start":{"line":35,"column":18},"end":{"line":45,"column":3}},"line":35},"3":{"name":"(anonymous_3)","decl":{"start":{"line":47,"column":21},"end":{"line":47,"column":22}},"loc":{"start":{"line":47,"column":33},"end":{"line":61,"column":3}},"line":47},"4":{"name":"(anonymous_4)","decl":{"start":{"line":63,"column":22},"end":{"line":63,"column":23}},"loc":{"start":{"line":63,"column":34},"end":{"line":77,"column":3}},"line":63},"5":{"name":"(anonymous_5)","decl":{"start":{"line":79,"column":23},"end":{"line":79,"column":24}},"loc":{"start":{"line":79,"column":39},"end":{"line":81,"column":3}},"line":79}},"branchMap":{"0":{"loc":{"start":{"line":24,"column":4},"end":{"line":32,"column":5}},"type":"if","locations":[{"start":{"line":24,"column":4},"end":{"line":32,"column":5}},{"start":{},"end":{}}],"line":24},"1":{"loc":{"start":{"line":25,"column":6},"end":{"line":31,"column":7}},"type":"if","locations":[{"start":{"line":25,"column":6},"end":{"line":31,"column":7}},{"start":{"line":27,"column":13},"end":{"line":31,"column":7}}],"line":25},"2":{"loc":{"start":{"line":27,"column":13},"end":{"line":31,"column":7}},"type":"if","locations":[{"start":{"line":27,"column":13},"end":{"line":31,"column":7}},{"start":{"line":29,"column":13},"end":{"line":31,"column":7}}],"line":27},"3":{"loc":{"start":{"line":36,"column":4},"end":{"line":44,"column":5}},"type":"if","locations":[{"start":{"line":36,"column":4},"end":{"line":44,"column":5}},{"start":{},"end":{}}],"line":36},"4":{"loc":{"start":{"line":37,"column":6},"end":{"line":43,"column":7}},"type":"if","locations":[{"start":{"line":37,"column":6},"end":{"line":43,"column":7}},{"start":{"line":39,"column":13},"end":{"line":43,"column":7}}],"line":37},"5":{"loc":{"start":{"line":39,"column":13},"end":{"line":43,"column":7}},"type":"if","locations":[{"start":{"line":39,"column":13},"end":{"line":43,"column":7}},{"start":{"line":41,"column":13},"end":{"line":43,"column":7}}],"line":39},"6":{"loc":{"start":{"line":48,"column":4},"end":{"line":51,"column":5}},"type":"if","locations":[{"start":{"line":48,"column":4},"end":{"line":51,"column":5}},{"start":{},"end":{}}],"line":48},"7":{"loc":{"start":{"line":51,"column":6},"end":{"line":54,"column":5}},"type":"if","locations":[{"start":{"line":51,"column":6},"end":{"line":54,"column":5}},{"start":{},"end":{}}],"line":51},"8":{"loc":{"start":{"line":54,"column":6},"end":{"line":60,"column":5}},"type":"if","locations":[{"start":{"line":54,"column":6},"end":{"line":60,"column":5}},{"start":{},"end":{}}],"line":54},"9":{"loc":{"start":{"line":55,"column":6},"end":{"line":57,"column":7}},"type":"if","locations":[{"start":{"line":55,"column":6},"end":{"line":57,"column":7}},{"start":{},"end":{}}],"line":55},"10":{"loc":{"start":{"line":64,"column":4},"end":{"line":67,"column":5}},"type":"if","locations":[{"start":{"line":64,"column":4},"end":{"line":67,"column":5}},{"start":{},"end":{}}],"line":64},"11":{"loc":{"start":{"line":67,"column":6},"end":{"line":70,"column":5}},"type":"if","locations":[{"start":{"line":67,"column":6},"end":{"line":70,"column":5}},{"start":{},"end":{}}],"line":67},"12":{"loc":{"start":{"line":70,"column":6},"end":{"line":76,"column":5}},"type":"if","locations":[{"start":{"line":70,"column":6},"end":{"line":76,"column":5}},{"start":{},"end":{}}],"line":70},"13":{"loc":{"start":{"line":71,"column":6},"end":{"line":73,"column":7}},"type":"if","locations":[{"start":{"line":71,"column":6},"end":{"line":73,"column":7}},{"start":{},"end":{}}],"line":71},"14":{"loc":{"start":{"line":118,"column":18},"end":{"line":118,"column":62}},"type":"cond-expr","locations":[{"start":{"line":118,"column":38},"end":{"line":118,"column":48}},{"start":{"line":118,"column":51},"end":{"line":118,"column":62}}],"line":118}},"s":{"0":94,"1":93,"2":93,"3":93,"4":93,"5":13,"6":7,"7":1,"8":6,"9":1,"10":5,"11":93,"12":13,"13":6,"14":1,"15":5,"16":1,"17":4,"18":93,"19":6,"20":1,"21":1,"22":5,"23":3,"24":3,"25":2,"26":2,"27":1,"28":2,"29":2,"30":93,"31":6,"32":1,"33":1,"34":5,"35":3,"36":3,"37":2,"38":2,"39":1,"40":2,"41":2,"42":93,"43":10,"44":93},"f":{"0":94,"1":13,"2":13,"3":6,"4":6,"5":10},"b":{"0":[7,6],"1":[1,6],"2":[1,5],"3":[6,7],"4":[1,5],"5":[1,4],"6":[1,5],"7":[3,2],"8":[2,0],"9":[1,1],"10":[1,5],"11":[3,2],"12":[2,0],"13":[1,1],"14":[55,38]},"_coverageSchema":"1a1c01bbd47fc00a2c39e90264f33305004495a9","hash":"78d72abfe5f7f7080275d5b77c0ac886946cb96d"}
,"/Users/brenoaraujo/Projetos Trybe/sd-022-b-project-recipes-app/src/context/AppContext.js": {"path":"/Users/brenoaraujo/Projetos Trybe/sd-022-b-project-recipes-app/src/context/AppContext.js","statementMap":{"0":{"start":{"line":3,"column":19},"end":{"line":3,"column":34}}},"fnMap":{},"branchMap":{},"s":{"0":7},"f":{},"b":{},"_coverageSchema":"1a1c01bbd47fc00a2c39e90264f33305004495a9","hash":"28c21131645b31982f9a2d19c628bacce981dabe"}
,"/Users/brenoaraujo/Projetos Trybe/sd-022-b-project-recipes-app/src/context/AppProvider.js": {"path":"/Users/brenoaraujo/Projetos Trybe/sd-022-b-project-recipes-app/src/context/AppProvider.js","statementMap":{"0":{"start":{"line":6,"column":28},"end":{"line":6,"column":40}},"1":{"start":{"line":7,"column":40},"end":{"line":7,"column":52}},"2":{"start":{"line":8,"column":40},"end":{"line":8,"column":52}},"3":{"start":{"line":9,"column":22},"end":{"line":9,"column":34}},"4":{"start":{"line":10,"column":30},"end":{"line":10,"column":42}},"5":{"start":{"line":11,"column":38},"end":{"line":11,"column":53}},"6":{"start":{"line":12,"column":44},"end":{"line":12,"column":59}},"7":{"start":{"line":13,"column":44},"end":{"line":13,"column":56}},"8":{"start":{"line":15,"column":18},"end":{"line":32,"column":3}},"9":{"start":{"line":34,"column":2},"end":{"line":38,"column":4}},"10":{"start":{"line":41,"column":0},"end":{"line":43,"column":13}}},"fnMap":{"0":{"name":"AppProvider","decl":{"start":{"line":5,"column":9},"end":{"line":5,"column":20}},"loc":{"start":{"line":5,"column":35},"end":{"line":39,"column":1}},"line":5}},"branchMap":{},"s":{"0":110,"1":110,"2":110,"3":110,"4":110,"5":110,"6":110,"7":110,"8":110,"9":110,"10":7},"f":{"0":110},"b":{},"_coverageSchema":"1a1c01bbd47fc00a2c39e90264f33305004495a9","hash":"a2ebb54b5ab33bbfaacbf542d76fdf28d0b266bd"}
,"/Users/brenoaraujo/Projetos Trybe/sd-022-b-project-recipes-app/src/pages/DoneRecipes.js": {"path":"/Users/brenoaraujo/Projetos Trybe/sd-022-b-project-recipes-app/src/pages/DoneRecipes.js","statementMap":{"0":{"start":{"line":8,"column":6},"end":{"line":8,"column":28}},"1":{"start":{"line":10,"column":2},"end":{"line":13,"column":9}},"2":{"start":{"line":11,"column":4},"end":{"line":11,"column":36}},"3":{"start":{"line":12,"column":4},"end":{"line":12,"column":29}},"4":{"start":{"line":14,"column":2},"end":{"line":16,"column":4}}},"fnMap":{"0":{"name":"DoneRecipes","decl":{"start":{"line":5,"column":9},"end":{"line":5,"column":20}},"loc":{"start":{"line":5,"column":23},"end":{"line":17,"column":1}},"line":5},"1":{"name":"(anonymous_1)","decl":{"start":{"line":10,"column":12},"end":{"line":10,"column":13}},"loc":{"start":{"line":10,"column":18},"end":{"line":13,"column":3}},"line":10}},"branchMap":{},"s":{"0":0,"1":0,"2":0,"3":0,"4":0},"f":{"0":0,"1":0},"b":{},"_coverageSchema":"1a1c01bbd47fc00a2c39e90264f33305004495a9","hash":"217c81b0de3a5d2797fe1de2bdd946b7df99481f"}
,"/Users/brenoaraujo/Projetos Trybe/sd-022-b-project-recipes-app/src/pages/DrinkDetails.js": {"path":"/Users/brenoaraujo/Projetos Trybe/sd-022-b-project-recipes-app/src/pages/DrinkDetails.js","statementMap":{"0":{"start":{"line":10,"column":6},"end":{"line":10,"column":28}},"1":{"start":{"line":12,"column":2},"end":{"line":15,"column":9}},"2":{"start":{"line":13,"column":4},"end":{"line":13,"column":37}},"3":{"start":{"line":14,"column":4},"end":{"line":14,"column":29}},"4":{"start":{"line":17,"column":2},"end":{"line":23,"column":4}}},"fnMap":{"0":{"name":"DrinkDetails","decl":{"start":{"line":6,"column":9},"end":{"line":6,"column":21}},"loc":{"start":{"line":6,"column":24},"end":{"line":24,"column":1}},"line":6},"1":{"name":"(anonymous_1)","decl":{"start":{"line":12,"column":12},"end":{"line":12,"column":13}},"loc":{"start":{"line":12,"column":18},"end":{"line":15,"column":3}},"line":12}},"branchMap":{},"s":{"0":3,"1":3,"2":3,"3":3,"4":3},"f":{"0":3,"1":3},"b":{},"_coverageSchema":"1a1c01bbd47fc00a2c39e90264f33305004495a9","hash":"3ef0024d6cc9eccf2673ac43cbf7cb0d70c54038"}
,"/Users/brenoaraujo/Projetos Trybe/sd-022-b-project-recipes-app/src/pages/DrinkInProgress.js": {"path":"/Users/brenoaraujo/Projetos Trybe/sd-022-b-project-recipes-app/src/pages/DrinkInProgress.js","statementMap":{"0":{"start":{"line":7,"column":6},"end":{"line":7,"column":28}},"1":{"start":{"line":9,"column":2},"end":{"line":12,"column":9}},"2":{"start":{"line":10,"column":4},"end":{"line":10,"column":41}},"3":{"start":{"line":11,"column":4},"end":{"line":11,"column":29}},"4":{"start":{"line":13,"column":2},"end":{"line":15,"column":4}}},"fnMap":{"0":{"name":"DrinkInProgress","decl":{"start":{"line":4,"column":9},"end":{"line":4,"column":24}},"loc":{"start":{"line":4,"column":27},"end":{"line":16,"column":1}},"line":4},"1":{"name":"(anonymous_1)","decl":{"start":{"line":9,"column":12},"end":{"line":9,"column":13}},"loc":{"start":{"line":9,"column":18},"end":{"line":12,"column":3}},"line":9}},"branchMap":{},"s":{"0":0,"1":0,"2":0,"3":0,"4":0},"f":{"0":0,"1":0},"b":{},"_coverageSchema":"1a1c01bbd47fc00a2c39e90264f33305004495a9","hash":"8e2e1a8a46ef6da051f1f9a0eee7078c85a746f4"}
,"/Users/brenoaraujo/Projetos Trybe/sd-022-b-project-recipes-app/src/pages/Drinks.js": {"path":"/Users/brenoaraujo/Projetos Trybe/sd-022-b-project-recipes-app/src/pages/Drinks.js","statementMap":{"0":{"start":{"line":11,"column":6},"end":{"line":11,"column":28}},"1":{"start":{"line":13,"column":2},"end":{"line":16,"column":9}},"2":{"start":{"line":14,"column":4},"end":{"line":14,"column":30}},"3":{"start":{"line":15,"column":4},"end":{"line":15,"column":29}},"4":{"start":{"line":17,"column":2},"end":{"line":24,"column":4}}},"fnMap":{"0":{"name":"Drinks","decl":{"start":{"line":8,"column":9},"end":{"line":8,"column":15}},"loc":{"start":{"line":8,"column":18},"end":{"line":25,"column":1}},"line":8},"1":{"name":"(anonymous_1)","decl":{"start":{"line":13,"column":12},"end":{"line":13,"column":13}},"loc":{"start":{"line":13,"column":18},"end":{"line":16,"column":3}},"line":13}},"branchMap":{},"s":{"0":34,"1":33,"2":4,"3":4,"4":33},"f":{"0":34,"1":4},"b":{},"_coverageSchema":"1a1c01bbd47fc00a2c39e90264f33305004495a9","hash":"ace25515c1a4d49ff673057fd828407bf9a3e654"}
,"/Users/brenoaraujo/Projetos Trybe/sd-022-b-project-recipes-app/src/pages/FavoriteRecipes.js": {"path":"/Users/brenoaraujo/Projetos Trybe/sd-022-b-project-recipes-app/src/pages/FavoriteRecipes.js","statementMap":{"0":{"start":{"line":8,"column":6},"end":{"line":8,"column":28}},"1":{"start":{"line":9,"column":2},"end":{"line":12,"column":9}},"2":{"start":{"line":10,"column":4},"end":{"line":10,"column":40}},"3":{"start":{"line":11,"column":4},"end":{"line":11,"column":29}},"4":{"start":{"line":13,"column":2},"end":{"line":15,"column":4}}},"fnMap":{"0":{"name":"FavoriteRecipes","decl":{"start":{"line":5,"column":9},"end":{"line":5,"column":24}},"loc":{"start":{"line":5,"column":27},"end":{"line":16,"column":1}},"line":5},"1":{"name":"(anonymous_1)","decl":{"start":{"line":9,"column":12},"end":{"line":9,"column":13}},"loc":{"start":{"line":9,"column":18},"end":{"line":12,"column":3}},"line":9}},"branchMap":{},"s":{"0":0,"1":0,"2":0,"3":0,"4":0},"f":{"0":0,"1":0},"b":{},"_coverageSchema":"1a1c01bbd47fc00a2c39e90264f33305004495a9","hash":"e613bb090612ba8b191eefddc8b7d56654b76e1c"}
,"/Users/brenoaraujo/Projetos Trybe/sd-022-b-project-recipes-app/src/pages/FoodDetails.js": {"path":"/Users/brenoaraujo/Projetos Trybe/sd-022-b-project-recipes-app/src/pages/FoodDetails.js","statementMap":{"0":{"start":{"line":10,"column":6},"end":{"line":10,"column":28}},"1":{"start":{"line":12,"column":2},"end":{"line":15,"column":9}},"2":{"start":{"line":13,"column":4},"end":{"line":13,"column":36}},"3":{"start":{"line":14,"column":4},"end":{"line":14,"column":29}},"4":{"start":{"line":17,"column":2},"end":{"line":23,"column":4}}},"fnMap":{"0":{"name":"FoodDetails","decl":{"start":{"line":6,"column":9},"end":{"line":6,"column":20}},"loc":{"start":{"line":6,"column":23},"end":{"line":24,"column":1}},"line":6},"1":{"name":"(anonymous_1)","decl":{"start":{"line":12,"column":12},"end":{"line":12,"column":13}},"loc":{"start":{"line":12,"column":18},"end":{"line":15,"column":3}},"line":12}},"branchMap":{},"s":{"0":4,"1":4,"2":3,"3":3,"4":4},"f":{"0":4,"1":3},"b":{},"_coverageSchema":"1a1c01bbd47fc00a2c39e90264f33305004495a9","hash":"d5cc70f911164b08d4d6c6e4c45b129fa9330e07"}
,"/Users/brenoaraujo/Projetos Trybe/sd-022-b-project-recipes-app/src/pages/FoodInProgress.js": {"path":"/Users/brenoaraujo/Projetos Trybe/sd-022-b-project-recipes-app/src/pages/FoodInProgress.js","statementMap":{"0":{"start":{"line":7,"column":6},"end":{"line":7,"column":28}},"1":{"start":{"line":9,"column":2},"end":{"line":12,"column":9}},"2":{"start":{"line":10,"column":4},"end":{"line":10,"column":40}},"3":{"start":{"line":11,"column":4},"end":{"line":11,"column":29}},"4":{"start":{"line":13,"column":2},"end":{"line":15,"column":4}}},"fnMap":{"0":{"name":"FoodInProgress","decl":{"start":{"line":4,"column":9},"end":{"line":4,"column":23}},"loc":{"start":{"line":4,"column":26},"end":{"line":16,"column":1}},"line":4},"1":{"name":"(anonymous_1)","decl":{"start":{"line":9,"column":12},"end":{"line":9,"column":13}},"loc":{"start":{"line":9,"column":18},"end":{"line":12,"column":3}},"line":9}},"branchMap":{},"s":{"0":0,"1":0,"2":0,"3":0,"4":0},"f":{"0":0,"1":0},"b":{},"_coverageSchema":"1a1c01bbd47fc00a2c39e90264f33305004495a9","hash":"09974a88ca45bd7be8171b4a247d2ff759d778d8"}
,"/Users/brenoaraujo/Projetos Trybe/sd-022-b-project-recipes-app/src/pages/Foods.js": {"path":"/Users/brenoaraujo/Projetos Trybe/sd-022-b-project-recipes-app/src/pages/Foods.js","statementMap":{"0":{"start":{"line":11,"column":6},"end":{"line":11,"column":28}},"1":{"start":{"line":12,"column":2},"end":{"line":15,"column":9}},"2":{"start":{"line":13,"column":4},"end":{"line":13,"column":29}},"3":{"start":{"line":14,"column":4},"end":{"line":14,"column":29}},"4":{"start":{"line":17,"column":2},"end":{"line":24,"column":4}}},"fnMap":{"0":{"name":"Foods","decl":{"start":{"line":8,"column":9},"end":{"line":8,"column":14}},"loc":{"start":{"line":8,"column":17},"end":{"line":25,"column":1}},"line":8},"1":{"name":"(anonymous_1)","decl":{"start":{"line":12,"column":12},"end":{"line":12,"column":13}},"loc":{"start":{"line":12,"column":18},"end":{"line":15,"column":3}},"line":12}},"branchMap":{},"s":{"0":56,"1":55,"2":7,"3":7,"4":55},"f":{"0":56,"1":7},"b":{},"_coverageSchema":"1a1c01bbd47fc00a2c39e90264f33305004495a9","hash":"8e25eafb0a12000d0560a0fae5a788203777ec83"}
,"/Users/brenoaraujo/Projetos Trybe/sd-022-b-project-recipes-app/src/pages/Login.js": {"path":"/Users/brenoaraujo/Projetos Trybe/sd-022-b-project-recipes-app/src/pages/Login.js","statementMap":{"0":{"start":{"line":6,"column":18},"end":{"line":6,"column":30}},"1":{"start":{"line":7,"column":23},"end":{"line":7,"column":45}},"2":{"start":{"line":8,"column":28},"end":{"line":8,"column":40}},"3":{"start":{"line":9,"column":34},"end":{"line":9,"column":46}},"4":{"start":{"line":10,"column":50},"end":{"line":10,"column":64}},"5":{"start":{"line":12,"column":2},"end":{"line":24,"column":24}},"6":{"start":{"line":13,"column":30},"end":{"line":13,"column":31}},"7":{"start":{"line":14,"column":24},"end":{"line":14,"column":39}},"8":{"start":{"line":15,"column":4},"end":{"line":23,"column":5}},"9":{"start":{"line":20,"column":6},"end":{"line":20,"column":33}},"10":{"start":{"line":22,"column":6},"end":{"line":22,"column":32}},"11":{"start":{"line":26,"column":23},"end":{"line":33,"column":3}},"12":{"start":{"line":27,"column":4},"end":{"line":29,"column":5}},"13":{"start":{"line":28,"column":6},"end":{"line":28,"column":29}},"14":{"start":{"line":30,"column":4},"end":{"line":32,"column":5}},"15":{"start":{"line":31,"column":6},"end":{"line":31,"column":32}},"16":{"start":{"line":35,"column":22},"end":{"line":41,"column":3}},"17":{"start":{"line":36,"column":16},"end":{"line":36,"column":25}},"18":{"start":{"line":37,"column":4},"end":{"line":37,"column":54}},"19":{"start":{"line":38,"column":4},"end":{"line":38,"column":42}},"20":{"start":{"line":39,"column":4},"end":{"line":39,"column":46}},"21":{"start":{"line":40,"column":4},"end":{"line":40,"column":27}},"22":{"start":{"line":43,"column":2},"end":{"line":46,"column":9}},"23":{"start":{"line":44,"column":4},"end":{"line":44,"column":29}},"24":{"start":{"line":45,"column":4},"end":{"line":45,"column":29}},"25":{"start":{"line":48,"column":2},"end":{"line":79,"column":4}}},"fnMap":{"0":{"name":"Login","decl":{"start":{"line":5,"column":9},"end":{"line":5,"column":14}},"loc":{"start":{"line":5,"column":17},"end":{"line":80,"column":1}},"line":5},"1":{"name":"(anonymous_1)","decl":{"start":{"line":12,"column":12},"end":{"line":12,"column":13}},"loc":{"start":{"line":12,"column":18},"end":{"line":24,"column":3}},"line":12},"2":{"name":"(anonymous_2)","decl":{"start":{"line":26,"column":23},"end":{"line":26,"column":24}},"loc":{"start":{"line":26,"column":39},"end":{"line":33,"column":3}},"line":26},"3":{"name":"(anonymous_3)","decl":{"start":{"line":35,"column":22},"end":{"line":35,"column":23}},"loc":{"start":{"line":35,"column":28},"end":{"line":41,"column":3}},"line":35},"4":{"name":"(anonymous_4)","decl":{"start":{"line":43,"column":12},"end":{"line":43,"column":13}},"loc":{"start":{"line":43,"column":18},"end":{"line":46,"column":3}},"line":43}},"branchMap":{"0":{"loc":{"start":{"line":15,"column":4},"end":{"line":23,"column":5}},"type":"if","locations":[{"start":{"line":15,"column":4},"end":{"line":23,"column":5}},{"start":{"line":21,"column":11},"end":{"line":23,"column":5}}],"line":15},"1":{"loc":{"start":{"line":16,"column":6},"end":{"line":18,"column":31}},"type":"binary-expr","locations":[{"start":{"line":16,"column":6},"end":{"line":16,"column":41}},{"start":{"line":17,"column":9},"end":{"line":17,"column":31}},{"start":{"line":18,"column":9},"end":{"line":18,"column":31}}],"line":16},"2":{"loc":{"start":{"line":27,"column":4},"end":{"line":29,"column":5}},"type":"if","locations":[{"start":{"line":27,"column":4},"end":{"line":29,"column":5}},{"start":{},"end":{}}],"line":27},"3":{"loc":{"start":{"line":30,"column":4},"end":{"line":32,"column":5}},"type":"if","locations":[{"start":{"line":30,"column":4},"end":{"line":32,"column":5}},{"start":{},"end":{}}],"line":30}},"s":{"0":234,"1":234,"2":234,"3":234,"4":234,"5":234,"6":117,"7":117,"8":117,"9":5,"10":112,"11":234,"12":110,"13":75,"14":110,"15":35,"16":234,"17":4,"18":4,"19":4,"20":4,"21":4,"22":234,"23":7,"24":7,"25":234},"f":{"0":234,"1":117,"2":110,"3":4,"4":7},"b":{"0":[5,112],"1":[117,5,5],"2":[75,35],"3":[35,75]},"_coverageSchema":"1a1c01bbd47fc00a2c39e90264f33305004495a9","hash":"e07ec4f2dcfb8bb388e91d1982fa592357a42b3b"}
,"/Users/brenoaraujo/Projetos Trybe/sd-022-b-project-recipes-app/src/pages/Profile.js": {"path":"/Users/brenoaraujo/Projetos Trybe/sd-022-b-project-recipes-app/src/pages/Profile.js","statementMap":{"0":{"start":{"line":9,"column":6},"end":{"line":9,"column":28}},"1":{"start":{"line":11,"column":2},"end":{"line":14,"column":9}},"2":{"start":{"line":12,"column":4},"end":{"line":12,"column":31}},"3":{"start":{"line":13,"column":4},"end":{"line":13,"column":29}},"4":{"start":{"line":15,"column":2},"end":{"line":20,"column":4}}},"fnMap":{"0":{"name":"Profile","decl":{"start":{"line":6,"column":9},"end":{"line":6,"column":16}},"loc":{"start":{"line":6,"column":19},"end":{"line":21,"column":1}},"line":6},"1":{"name":"(anonymous_1)","decl":{"start":{"line":11,"column":12},"end":{"line":11,"column":13}},"loc":{"start":{"line":11,"column":18},"end":{"line":14,"column":3}},"line":11}},"branchMap":{},"s":{"0":2,"1":2,"2":1,"3":1,"4":2},"f":{"0":2,"1":1},"b":{},"_coverageSchema":"1a1c01bbd47fc00a2c39e90264f33305004495a9","hash":"fbcac22c91ca6a96b233e75c85a66a19804ce963"}
,"/Users/brenoaraujo/Projetos Trybe/sd-022-b-project-recipes-app/src/services/drinkAPI.js": {"path":"/Users/brenoaraujo/Projetos Trybe/sd-022-b-project-recipes-app/src/services/drinkAPI.js","statementMap":{"0":{"start":{"line":2,"column":14},"end":{"line":2,"column":73}},"1":{"start":{"line":3,"column":19},"end":{"line":3,"column":35}},"2":{"start":{"line":4,"column":15},"end":{"line":4,"column":36}},"3":{"start":{"line":5,"column":2},"end":{"line":5,"column":21}},"4":{"start":{"line":12,"column":14},"end":{"line":12,"column":87}},"5":{"start":{"line":13,"column":19},"end":{"line":13,"column":35}},"6":{"start":{"line":14,"column":15},"end":{"line":14,"column":36}},"7":{"start":{"line":15,"column":2},"end":{"line":15,"column":14}},"8":{"start":{"line":21,"column":14},"end":{"line":21,"column":80}},"9":{"start":{"line":22,"column":19},"end":{"line":22,"column":35}},"10":{"start":{"line":23,"column":15},"end":{"line":23,"column":36}},"11":{"start":{"line":24,"column":2},"end":{"line":24,"column":14}},"12":{"start":{"line":30,"column":14},"end":{"line":30,"column":87}},"13":{"start":{"line":31,"column":19},"end":{"line":31,"column":35}},"14":{"start":{"line":32,"column":15},"end":{"line":32,"column":36}},"15":{"start":{"line":33,"column":2},"end":{"line":33,"column":14}},"16":{"start":{"line":37,"column":19},"end":{"line":37,"column":80}},"17":{"start":{"line":38,"column":19},"end":{"line":38,"column":40}},"18":{"start":{"line":39,"column":15},"end":{"line":39,"column":36}},"19":{"start":{"line":40,"column":2},"end":{"line":40,"column":21}},"20":{"start":{"line":44,"column":18},"end":{"line":44,"column":95}},"21":{"start":{"line":45,"column":15},"end":{"line":45,"column":35}},"22":{"start":{"line":46,"column":2},"end":{"line":46,"column":20}},"23":{"start":{"line":47,"column":2},"end":{"line":47,"column":14}}},"fnMap":{"0":{"name":"fetchDrinks","decl":{"start":{"line":1,"column":22},"end":{"line":1,"column":33}},"loc":{"start":{"line":1,"column":36},"end":{"line":6,"column":1}},"line":1},"1":{"name":"fetchDrinkIngredients","decl":{"start":{"line":11,"column":22},"end":{"line":11,"column":43}},"loc":{"start":{"line":11,"column":57},"end":{"line":16,"column":1}},"line":11},"2":{"name":"fetchDrinkNames","decl":{"start":{"line":20,"column":22},"end":{"line":20,"column":37}},"loc":{"start":{"line":20,"column":44},"end":{"line":25,"column":1}},"line":20},"3":{"name":"fetchDrinkFirstLetter","decl":{"start":{"line":29,"column":22},"end":{"line":29,"column":43}},"loc":{"start":{"line":29,"column":57},"end":{"line":34,"column":1}},"line":29},"4":{"name":"fetchDrinksCategories","decl":{"start":{"line":36,"column":22},"end":{"line":36,"column":43}},"loc":{"start":{"line":36,"column":46},"end":{"line":41,"column":1}},"line":36},"5":{"name":"drinkDetailAPI","decl":{"start":{"line":43,"column":22},"end":{"line":43,"column":36}},"loc":{"start":{"line":43,"column":41},"end":{"line":48,"column":1}},"line":43}},"branchMap":{},"s":{"0":15,"1":15,"2":9,"3":4,"4":1,"5":1,"6":1,"7":1,"8":3,"9":3,"10":3,"11":3,"12":2,"13":2,"14":2,"15":2,"16":2,"17":2,"18":2,"19":2,"20":3,"21":0,"22":0,"23":0},"f":{"0":15,"1":1,"2":3,"3":2,"4":2,"5":3},"b":{},"_coverageSchema":"1a1c01bbd47fc00a2c39e90264f33305004495a9","hash":"1ebf2abb9c000673e6a47f5508e4fc9f710a7c1c"}
,"/Users/brenoaraujo/Projetos Trybe/sd-022-b-project-recipes-app/src/services/foodAPI.js": {"path":"/Users/brenoaraujo/Projetos Trybe/sd-022-b-project-recipes-app/src/services/foodAPI.js","statementMap":{"0":{"start":{"line":2,"column":14},"end":{"line":2,"column":71}},"1":{"start":{"line":3,"column":19},"end":{"line":3,"column":35}},"2":{"start":{"line":4,"column":15},"end":{"line":4,"column":36}},"3":{"start":{"line":5,"column":2},"end":{"line":5,"column":14}},"4":{"start":{"line":9,"column":14},"end":{"line":9,"column":71}},"5":{"start":{"line":10,"column":19},"end":{"line":10,"column":35}},"6":{"start":{"line":11,"column":15},"end":{"line":11,"column":36}},"7":{"start":{"line":12,"column":2},"end":{"line":12,"column":14}},"8":{"start":{"line":16,"column":14},"end":{"line":16,"column":85}},"9":{"start":{"line":17,"column":19},"end":{"line":17,"column":35}},"10":{"start":{"line":18,"column":15},"end":{"line":18,"column":36}},"11":{"start":{"line":19,"column":2},"end":{"line":19,"column":14}},"12":{"start":{"line":23,"column":14},"end":{"line":23,"column":69}},"13":{"start":{"line":24,"column":19},"end":{"line":24,"column":35}},"14":{"start":{"line":25,"column":15},"end":{"line":25,"column":36}},"15":{"start":{"line":26,"column":2},"end":{"line":26,"column":20}},"16":{"start":{"line":30,"column":17},"end":{"line":30,"column":72}},"17":{"start":{"line":32,"column":2},"end":{"line":34,"column":3}},"18":{"start":{"line":33,"column":4},"end":{"line":33,"column":75}},"19":{"start":{"line":36,"column":18},"end":{"line":36,"column":39}},"20":{"start":{"line":37,"column":19},"end":{"line":37,"column":39}},"21":{"start":{"line":38,"column":2},"end":{"line":38,"column":18}},"22":{"start":{"line":42,"column":17},"end":{"line":42,"column":74}},"23":{"start":{"line":44,"column":2},"end":{"line":46,"column":3}},"24":{"start":{"line":45,"column":4},"end":{"line":45,"column":77}},"25":{"start":{"line":47,"column":18},"end":{"line":47,"column":39}},"26":{"start":{"line":48,"column":19},"end":{"line":48,"column":39}},"27":{"start":{"line":49,"column":2},"end":{"line":49,"column":18}},"28":{"start":{"line":53,"column":17},"end":{"line":53,"column":80}},"29":{"start":{"line":55,"column":2},"end":{"line":57,"column":3}},"30":{"start":{"line":56,"column":4},"end":{"line":56,"column":83}},"31":{"start":{"line":59,"column":18},"end":{"line":59,"column":39}},"32":{"start":{"line":60,"column":19},"end":{"line":60,"column":39}},"33":{"start":{"line":61,"column":2},"end":{"line":61,"column":18}},"34":{"start":{"line":65,"column":18},"end":{"line":65,"column":91}},"35":{"start":{"line":66,"column":15},"end":{"line":66,"column":35}},"36":{"start":{"line":67,"column":2},"end":{"line":67,"column":20}},"37":{"start":{"line":68,"column":2},"end":{"line":68,"column":14}},"38":{"start":{"line":75,"column":14},"end":{"line":75,"column":83}},"39":{"start":{"line":76,"column":19},"end":{"line":76,"column":35}},"40":{"start":{"line":77,"column":15},"end":{"line":77,"column":36}},"41":{"start":{"line":78,"column":2},"end":{"line":78,"column":14}},"42":{"start":{"line":84,"column":14},"end":{"line":84,"column":76}},"43":{"start":{"line":85,"column":19},"end":{"line":85,"column":35}},"44":{"start":{"line":86,"column":15},"end":{"line":86,"column":36}},"45":{"start":{"line":87,"column":2},"end":{"line":87,"column":14}},"46":{"start":{"line":93,"column":14},"end":{"line":93,"column":83}},"47":{"start":{"line":94,"column":19},"end":{"line":94,"column":35}},"48":{"start":{"line":95,"column":15},"end":{"line":95,"column":36}},"49":{"start":{"line":96,"column":2},"end":{"line":96,"column":14}}},"fnMap":{"0":{"name":"fetchCategories","decl":{"start":{"line":1,"column":22},"end":{"line":1,"column":37}},"loc":{"start":{"line":1,"column":40},"end":{"line":6,"column":1}},"line":1},"1":{"name":"fetchNationalities","decl":{"start":{"line":8,"column":22},"end":{"line":8,"column":40}},"loc":{"start":{"line":8,"column":43},"end":{"line":13,"column":1}},"line":8},"2":{"name":"fetchImages","decl":{"start":{"line":15,"column":22},"end":{"line":15,"column":33}},"loc":{"start":{"line":15,"column":47},"end":{"line":20,"column":1}},"line":15},"3":{"name":"fetchMeals","decl":{"start":{"line":22,"column":22},"end":{"line":22,"column":32}},"loc":{"start":{"line":22,"column":35},"end":{"line":27,"column":1}},"line":22},"4":{"name":"fetchFoodsList","decl":{"start":{"line":29,"column":22},"end":{"line":29,"column":36}},"loc":{"start":{"line":29,"column":51},"end":{"line":39,"column":1}},"line":29},"5":{"name":"foodsCategoriesAPI","decl":{"start":{"line":41,"column":22},"end":{"line":41,"column":40}},"loc":{"start":{"line":41,"column":55},"end":{"line":50,"column":1}},"line":41},"6":{"name":"searchFoods","decl":{"start":{"line":52,"column":22},"end":{"line":52,"column":33}},"loc":{"start":{"line":52,"column":55},"end":{"line":62,"column":1}},"line":52},"7":{"name":"foodDetailAPI","decl":{"start":{"line":64,"column":22},"end":{"line":64,"column":35}},"loc":{"start":{"line":64,"column":40},"end":{"line":69,"column":1}},"line":64},"8":{"name":"fetchIngredients","decl":{"start":{"line":74,"column":22},"end":{"line":74,"column":38}},"loc":{"start":{"line":74,"column":52},"end":{"line":79,"column":1}},"line":74},"9":{"name":"fetchNames","decl":{"start":{"line":83,"column":22},"end":{"line":83,"column":32}},"loc":{"start":{"line":83,"column":39},"end":{"line":88,"column":1}},"line":83},"10":{"name":"fetchFirstLetter","decl":{"start":{"line":92,"column":22},"end":{"line":92,"column":38}},"loc":{"start":{"line":92,"column":52},"end":{"line":97,"column":1}},"line":92}},"branchMap":{"0":{"loc":{"start":{"line":32,"column":2},"end":{"line":34,"column":3}},"type":"if","locations":[{"start":{"line":32,"column":2},"end":{"line":34,"column":3}},{"start":{},"end":{}}],"line":32},"1":{"loc":{"start":{"line":44,"column":2},"end":{"line":46,"column":3}},"type":"if","locations":[{"start":{"line":44,"column":2},"end":{"line":46,"column":3}},{"start":{},"end":{}}],"line":44},"2":{"loc":{"start":{"line":55,"column":2},"end":{"line":57,"column":3}},"type":"if","locations":[{"start":{"line":55,"column":2},"end":{"line":57,"column":3}},{"start":{},"end":{}}],"line":55}},"s":{"0":0,"1":0,"2":0,"3":0,"4":0,"5":0,"6":0,"7":0,"8":0,"9":0,"10":0,"11":0,"12":15,"13":15,"14":9,"15":4,"16":0,"17":0,"18":0,"19":0,"20":0,"21":0,"22":4,"23":4,"24":0,"25":4,"26":4,"27":4,"28":1,"29":1,"30":0,"31":1,"32":1,"33":1,"34":3,"35":0,"36":0,"37":0,"38":1,"39":1,"40":1,"41":1,"42":3,"43":3,"44":3,"45":3,"46":2,"47":2,"48":2,"49":2},"f":{"0":0,"1":0,"2":0,"3":15,"4":0,"5":4,"6":1,"7":3,"8":1,"9":3,"10":2},"b":{"0":[0,0],"1":[0,4],"2":[0,1]},"_coverageSchema":"1a1c01bbd47fc00a2c39e90264f33305004495a9","hash":"91a9f0f508558f1368899dc2cbf0933256721f72"}
,"/Users/brenoaraujo/Projetos Trybe/sd-022-b-project-recipes-app/src/services/helpers/mockIngredientSearch.js": {"path":"/Users/brenoaraujo/Projetos Trybe/sd-022-b-project-recipes-app/src/services/helpers/mockIngredientSearch.js","statementMap":{"0":{"start":{"line":1,"column":29},"end":{"line":59,"column":1}}},"fnMap":{},"branchMap":{},"s":{"0":0},"f":{},"b":{}}
,"/Users/brenoaraujo/Projetos Trybe/sd-022-b-project-recipes-app/src/services/helpers/renderWithRouter.js": {"path":"/Users/brenoaraujo/Projetos Trybe/sd-022-b-project-recipes-app/src/services/helpers/renderWithRouter.js","statementMap":{"0":{"start":{"line":33,"column":25},"end":{"line":38,"column":1}},"1":{"start":{"line":34,"column":18},"end":{"line":34,"column":39}},"2":{"start":{"line":35,"column":2},"end":{"line":37,"column":5}}},"fnMap":{"0":{"name":"(anonymous_0)","decl":{"start":{"line":33,"column":25},"end":{"line":33,"column":26}},"loc":{"start":{"line":33,"column":40},"end":{"line":38,"column":1}},"line":33}},"branchMap":{},"s":{"0":1,"1":6,"2":6},"f":{"0":6},"b":{},"_coverageSchema":"1a1c01bbd47fc00a2c39e90264f33305004495a9","hash":"b6ebc41d522185bdd074cd801bc63b9927dd3f67"}
}
