{"total": {"lines":{"total":585,"covered":236,"skipped":0,"pct":40.34},"statements":{"total":616,"covered":240,"skipped":0,"pct":38.96},"functions":{"total":181,"covered":58,"skipped":0,"pct":32.04},"branches":{"total":222,"covered":60,"skipped":0,"pct":27.02},"branchesTrue":{"total":0,"covered":0,"skipped":0,"pct":100}}
,"/Users/brenoaraujo/Projetos Trybe/sd-022-b-project-recipes-app/src/App.js": {"lines":{"total":1,"covered":1,"skipped":0,"pct":100},"functions":{"total":1,"covered":1,"skipped":0,"pct":100},"statements":{"total":1,"covered":1,"skipped":0,"pct":100},"branches":{"total":0,"covered":0,"skipped":0,"pct":100}}
,"/Users/brenoaraujo/Projetos Trybe/sd-022-b-project-recipes-app/src/components/Card.js": {"lines":{"total":8,"covered":4,"skipped":0,"pct":50},"functions":{"total":2,"covered":1,"skipped":0,"pct":50},"statements":{"total":8,"covered":4,"skipped":0,"pct":50},"branches":{"total":2,"covered":0,"skipped":0,"pct":0}}
,"/Users/brenoaraujo/Projetos Trybe/sd-022-b-project-recipes-app/src/components/DetailCard.js": {"lines":{"total":25,"covered":3,"skipped":0,"pct":12},"functions":{"total":6,"covered":0,"skipped":0,"pct":0},"statements":{"total":25,"covered":3,"skipped":0,"pct":12},"branches":{"total":8,"covered":0,"skipped":0,"pct":0}}
,"/Users/brenoaraujo/Projetos Trybe/sd-022-b-project-recipes-app/src/components/DrinkCards.js": {"lines":{"total":4,"covered":4,"skipped":0,"pct":100},"functions":{"total":2,"covered":2,"skipped":0,"pct":100},"statements":{"total":4,"covered":4,"skipped":0,"pct":100},"branches":{"total":2,"covered":2,"skipped":0,"pct":100}}
,"/Users/brenoaraujo/Projetos Trybe/sd-022-b-project-recipes-app/src/components/FilterButton.js": {"lines":{"total":5,"covered":1,"skipped":0,"pct":20},"functions":{"total":4,"covered":0,"skipped":0,"pct":0},"statements":{"total":5,"covered":1,"skipped":0,"pct":20},"branches":{"total":0,"covered":0,"skipped":0,"pct":100}}
,"/Users/brenoaraujo/Projetos Trybe/sd-022-b-project-recipes-app/src/components/FoodCards.js": {"lines":{"total":4,"covered":4,"skipped":0,"pct":100},"functions":{"total":2,"covered":2,"skipped":0,"pct":100},"statements":{"total":4,"covered":4,"skipped":0,"pct":100},"branches":{"total":2,"covered":2,"skipped":0,"pct":100}}
,"/Users/brenoaraujo/Projetos Trybe/sd-022-b-project-recipes-app/src/components/Footer.js": {"lines":{"total":1,"covered":1,"skipped":0,"pct":100},"functions":{"total":1,"covered":1,"skipped":0,"pct":100},"statements":{"total":1,"covered":1,"skipped":0,"pct":100},"branches":{"total":0,"covered":0,"skipped":0,"pct":100}}
,"/Users/brenoaraujo/Projetos Trybe/sd-022-b-project-recipes-app/src/components/Header.js": {"lines":{"total":6,"covered":6,"skipped":0,"pct":100},"functions":{"total":3,"covered":3,"skipped":0,"pct":100},"statements":{"total":7,"covered":7,"skipped":0,"pct":100},"branches":{"total":6,"covered":6,"skipped":0,"pct":100}}
,"/Users/brenoaraujo/Projetos Trybe/sd-022-b-project-recipes-app/src/components/RecipeDetails.js": {"lines":{"total":53,"covered":1,"skipped":0,"pct":1.88},"functions":{"total":22,"covered":0,"skipped":0,"pct":0},"statements":{"total":59,"covered":1,"skipped":0,"pct":1.69},"branches":{"total":44,"covered":0,"skipped":0,"pct":0}}
,"/Users/brenoaraujo/Projetos Trybe/sd-022-b-project-recipes-app/src/components/Recipes.js": {"lines":{"total":50,"covered":42,"skipped":0,"pct":84},"functions":{"total":21,"covered":17,"skipped":0,"pct":80.95},"statements":{"total":55,"covered":45,"skipped":0,"pct":81.81},"branches":{"total":10,"covered":7,"skipped":0,"pct":70}}
,"/Users/brenoaraujo/Projetos Trybe/sd-022-b-project-recipes-app/src/components/SearchBar.js": {"lines":{"total":45,"covered":45,"skipped":0,"pct":100},"functions":{"total":6,"covered":6,"skipped":0,"pct":100},"statements":{"total":45,"covered":45,"skipped":0,"pct":100},"branches":{"total":30,"covered":28,"skipped":0,"pct":93.33}}
,"/Users/brenoaraujo/Projetos Trybe/sd-022-b-project-recipes-app/src/context/AppContext.js": {"lines":{"total":1,"covered":1,"skipped":0,"pct":100},"functions":{"total":0,"covered":0,"skipped":0,"pct":100},"statements":{"total":1,"covered":1,"skipped":0,"pct":100},"branches":{"total":0,"covered":0,"skipped":0,"pct":100}}
,"/Users/brenoaraujo/Projetos Trybe/sd-022-b-project-recipes-app/src/context/AppProvider.js": {"lines":{"total":20,"covered":20,"skipped":0,"pct":100},"functions":{"total":1,"covered":1,"skipped":0,"pct":100},"statements":{"total":20,"covered":20,"skipped":0,"pct":100},"branches":{"total":0,"covered":0,"skipped":0,"pct":100}}
,"/Users/brenoaraujo/Projetos Trybe/sd-022-b-project-recipes-app/src/pages/DoneRecipes.js": {"lines":{"total":22,"covered":0,"skipped":0,"pct":0},"functions":{"total":9,"covered":0,"skipped":0,"pct":0},"statements":{"total":23,"covered":0,"skipped":0,"pct":0},"branches":{"total":8,"covered":0,"skipped":0,"pct":0}}
,"/Users/brenoaraujo/Projetos Trybe/sd-022-b-project-recipes-app/src/pages/DrinkDetails.js": {"lines":{"total":6,"covered":1,"skipped":0,"pct":16.66},"functions":{"total":2,"covered":0,"skipped":0,"pct":0},"statements":{"total":6,"covered":1,"skipped":0,"pct":16.66},"branches":{"total":0,"covered":0,"skipped":0,"pct":100}}
,"/Users/brenoaraujo/Projetos Trybe/sd-022-b-project-recipes-app/src/pages/DrinkInProgress.js": {"lines":{"total":5,"covered":0,"skipped":0,"pct":0},"functions":{"total":2,"covered":0,"skipped":0,"pct":0},"statements":{"total":5,"covered":0,"skipped":0,"pct":0},"branches":{"total":0,"covered":0,"skipped":0,"pct":100}}
,"/Users/brenoaraujo/Projetos Trybe/sd-022-b-project-recipes-app/src/pages/Drinks.js": {"lines":{"total":5,"covered":5,"skipped":0,"pct":100},"functions":{"total":2,"covered":2,"skipped":0,"pct":100},"statements":{"total":5,"covered":5,"skipped":0,"pct":100},"branches":{"total":0,"covered":0,"skipped":0,"pct":100}}
,"/Users/brenoaraujo/Projetos Trybe/sd-022-b-project-recipes-app/src/pages/FavoriteRecipes.js": {"lines":{"total":29,"covered":0,"skipped":0,"pct":0},"functions":{"total":14,"covered":0,"skipped":0,"pct":0},"statements":{"total":30,"covered":0,"skipped":0,"pct":0},"branches":{"total":10,"covered":0,"skipped":0,"pct":0}}
,"/Users/brenoaraujo/Projetos Trybe/sd-022-b-project-recipes-app/src/pages/FoodDetails.js": {"lines":{"total":6,"covered":1,"skipped":0,"pct":16.66},"functions":{"total":2,"covered":0,"skipped":0,"pct":0},"statements":{"total":6,"covered":1,"skipped":0,"pct":16.66},"branches":{"total":0,"covered":0,"skipped":0,"pct":100}}
,"/Users/brenoaraujo/Projetos Trybe/sd-022-b-project-recipes-app/src/pages/Foods.js": {"lines":{"total":5,"covered":5,"skipped":0,"pct":100},"functions":{"total":2,"covered":2,"skipped":0,"pct":100},"statements":{"total":5,"covered":5,"skipped":0,"pct":100},"branches":{"total":0,"covered":0,"skipped":0,"pct":100}}
,"/Users/brenoaraujo/Projetos Trybe/sd-022-b-project-recipes-app/src/pages/Login.js": {"lines":{"total":26,"covered":26,"skipped":0,"pct":100},"functions":{"total":5,"covered":5,"skipped":0,"pct":100},"statements":{"total":26,"covered":26,"skipped":0,"pct":100},"branches":{"total":9,"covered":9,"skipped":0,"pct":100}}
,"/Users/brenoaraujo/Projetos Trybe/sd-022-b-project-recipes-app/src/pages/Profile.js": {"lines":{"total":16,"covered":11,"skipped":0,"pct":68.75},"functions":{"total":5,"covered":2,"skipped":0,"pct":40},"statements":{"total":16,"covered":11,"skipped":0,"pct":68.75},"branches":{"total":2,"covered":1,"skipped":0,"pct":50}}
,"/Users/brenoaraujo/Projetos Trybe/sd-022-b-project-recipes-app/src/pages/RecipeInProgress.js": {"lines":{"total":91,"covered":0,"skipped":0,"pct":0},"functions":{"total":25,"covered":0,"skipped":0,"pct":0},"statements":{"total":100,"covered":0,"skipped":0,"pct":0},"branches":{"total":48,"covered":0,"skipped":0,"pct":0}}
,"/Users/brenoaraujo/Projetos Trybe/sd-022-b-project-recipes-app/src/services/drinkAPI.js": {"lines":{"total":23,"covered":20,"skipped":0,"pct":86.95},"functions":{"total":6,"covered":5,"skipped":0,"pct":83.33},"statements":{"total":23,"covered":20,"skipped":0,"pct":86.95},"branches":{"total":0,"covered":0,"skipped":0,"pct":100}}
,"/Users/brenoaraujo/Projetos Trybe/sd-022-b-project-recipes-app/src/services/foodAPI.js": {"lines":{"total":49,"covered":26,"skipped":0,"pct":53.06},"functions":{"total":11,"covered":6,"skipped":0,"pct":54.54},"statements":{"total":49,"covered":26,"skipped":0,"pct":53.06},"branches":{"total":6,"covered":2,"skipped":0,"pct":33.33}}
,"/Users/brenoaraujo/Projetos Trybe/sd-022-b-project-recipes-app/src/services/handlers.js": {"lines":{"total":40,"covered":0,"skipped":0,"pct":0},"functions":{"total":14,"covered":0,"skipped":0,"pct":0},"statements":{"total":45,"covered":0,"skipped":0,"pct":0},"branches":{"total":18,"covered":0,"skipped":0,"pct":0}}
,"/Users/brenoaraujo/Projetos Trybe/sd-022-b-project-recipes-app/src/services/helpers/renderWithRouter.js": {"lines":{"total":2,"covered":2,"skipped":0,"pct":100},"functions":{"total":2,"covered":2,"skipped":0,"pct":100},"statements":{"total":2,"covered":2,"skipped":0,"pct":100},"branches":{"total":3,"covered":3,"skipped":0,"pct":100}}
,"/Users/brenoaraujo/Projetos Trybe/sd-022-b-project-recipes-app/src/services/helpers/functions/handles.js": {"lines":{"total":35,"covered":5,"skipped":0,"pct":14.28},"functions":{"total":9,"covered":0,"skipped":0,"pct":0},"statements":{"total":38,"covered":5,"skipped":0,"pct":13.15},"branches":{"total":14,"covered":0,"skipped":0,"pct":0}}
,"/Users/brenoaraujo/Projetos Trybe/sd-022-b-project-recipes-app/src/services/helpers/mocks/mockDoneRecipesLocalStorage.js": {"lines":{"total":1,"covered":0,"skipped":0,"pct":0},"functions":{"total":0,"covered":0,"skipped":0,"pct":100},"statements":{"total":1,"covered":0,"skipped":0,"pct":0},"branches":{"total":0,"covered":0,"skipped":0,"pct":100}}
,"/Users/brenoaraujo/Projetos Trybe/sd-022-b-project-recipes-app/src/services/helpers/mocks/mockIngredientSearch.js": {"lines":{"total":1,"covered":1,"skipped":0,"pct":100},"functions":{"total":0,"covered":0,"skipped":0,"pct":100},"statements":{"total":1,"covered":1,"skipped":0,"pct":100},"branches":{"total":0,"covered":0,"skipped":0,"pct":100}}
}
