TN:
SF:src/App.js
FN:17,App
FNF:1
FNH:1
FNDA:10,App
DA:18,10
LF:1
LH:1
BRF:0
BRH:0
end_of_record
TN:
SF:src/components/Card.js
FN:6,Card
FN:10,redirectToDetails
FNF:2
FNH:1
FNDA:235,Card
FNDA:0,redirectToDetails
DA:7,235
DA:8,235
DA:11,0
DA:12,0
DA:14,0
DA:16,0
DA:18,235
DA:35,6
LF:8
LH:4
BRDA:11,0,0,0
BRDA:11,0,1,0
BRF:2
BRH:0
end_of_record
TN:
SF:src/components/DetailCard.js
FN:9,DetailCards
FN:14,(anonymous_1)
FN:15,(anonymous_2)
FN:27,(anonymous_3)
FN:32,(anonymous_4)
FN:61,(anonymous_5)
FNF:6
FNH:0
FNDA:0,DetailCards
FNDA:0,(anonymous_1)
FNDA:0,(anonymous_2)
FNDA:0,(anonymous_3)
FNDA:0,(anonymous_4)
FNDA:0,(anonymous_5)
DA:7,6
DA:10,0
DA:12,0
DA:14,0
DA:15,0
DA:16,0
DA:17,0
DA:19,0
DA:27,0
DA:28,0
DA:29,0
DA:30,0
DA:31,0
DA:32,0
DA:33,0
DA:51,0
DA:52,0
DA:57,0
DA:58,0
DA:59,0
DA:60,0
DA:61,0
DA:62,0
DA:80,0
DA:81,0
DA:88,0
DA:98,6
DA:102,6
LF:28
LH:3
BRDA:12,0,0,0
BRDA:12,0,1,0
BRDA:28,1,0,0
BRDA:28,1,1,0
BRDA:57,2,0,0
BRDA:57,2,1,0
BRDA:90,3,0,0
BRDA:90,3,1,0
BRF:8
BRH:0
end_of_record
TN:
SF:src/components/DrinkCards.js
FN:4,Cards
FN:10,(anonymous_1)
FNF:2
FNH:2
FNDA:34,Cards
FNDA:150,(anonymous_1)
DA:5,34
DA:6,33
DA:8,33
DA:15,150
LF:4
LH:4
BRDA:15,0,0,150
BRDA:15,0,1,72
BRF:2
BRH:2
end_of_record
TN:
SF:src/components/FoodCards.js
FN:4,Cards
FN:10,(anonymous_1)
FNF:2
FNH:2
FNDA:55,Cards
FNDA:225,(anonymous_1)
DA:5,55
DA:6,55
DA:8,55
DA:15,225
LF:4
LH:4
BRDA:15,0,0,225
BRDA:15,0,1,108
BRF:2
BRH:2
end_of_record
TN:
SF:src/components/Footer.js
FN:6,Footer
FNF:1
FNH:1
FNDA:90,Footer
DA:7,90
LF:1
LH:1
BRF:0
BRH:0
end_of_record
TN:
SF:src/components/Header.js
FN:8,Header
FN:11,(anonymous_1)
FN:13,(anonymous_2)
FNF:3
FNH:3
FNDA:98,Header
FNDA:7,(anonymous_1)
FNDA:56,(anonymous_2)
DA:9,98
DA:10,97
DA:11,97
DA:13,97
DA:14,56
DA:17,97
LF:6
LH:6
BRDA:22,0,0,97
BRDA:22,0,1,97
BRDA:22,0,2,97
BRDA:22,0,3,96
BRDA:35,1,0,72
BRDA:35,1,1,25
BRF:6
BRH:6
end_of_record
TN:
SF:src/components/RecipeDetails.js
FN:10,RecipeDetails
FN:19,getFoodDetails
FN:23,getDrinkDetails
FN:28,(anonymous_3)
FN:36,(anonymous_4)
FN:37,(anonymous_5)
FN:39,(anonymous_6)
FN:40,(anonymous_7)
FN:42,(anonymous_8)
FN:43,(anonymous_9)
FN:46,(anonymous_10)
FN:52,(anonymous_11)
FN:69,(anonymous_12)
FN:75,(anonymous_13)
FN:77,(anonymous_14)
FN:90,(anonymous_15)
FN:108,(anonymous_16)
FN:149,(anonymous_17)
FN:160,(anonymous_18)
FN:198,(anonymous_19)
FNF:20
FNH:4
FNDA:7,RecipeDetails
FNDA:3,getFoodDetails
FNDA:3,getDrinkDetails
FNDA:6,(anonymous_3)
FNDA:0,(anonymous_4)
FNDA:0,(anonymous_5)
FNDA:0,(anonymous_6)
FNDA:0,(anonymous_7)
FNDA:0,(anonymous_8)
FNDA:0,(anonymous_9)
FNDA:0,(anonymous_10)
FNDA:0,(anonymous_11)
FNDA:0,(anonymous_12)
FNDA:0,(anonymous_13)
FNDA:0,(anonymous_14)
FNDA:0,(anonymous_15)
FNDA:0,(anonymous_16)
FNDA:0,(anonymous_17)
FNDA:0,(anonymous_18)
FNDA:0,(anonymous_19)
DA:11,7
DA:17,7
DA:20,3
DA:21,0
DA:24,3
DA:25,0
DA:28,7
DA:29,6
DA:30,3
DA:31,3
DA:32,3
DA:36,7
DA:37,0
DA:39,0
DA:40,0
DA:42,0
DA:43,0
DA:45,0
DA:47,0
DA:52,7
DA:53,0
DA:54,0
DA:69,7
DA:70,0
DA:71,0
DA:72,0
DA:75,7
DA:76,0
DA:77,0
DA:78,0
DA:88,0
DA:89,0
DA:90,0
DA:91,0
DA:101,0
DA:105,7
DA:106,4
DA:109,0
DA:149,0
DA:157,3
DA:158,3
DA:161,0
DA:198,0
DA:209,6
LF:44
LH:18
BRDA:29,0,0,3
BRDA:29,0,1,3
BRDA:31,1,0,3
BRDA:31,1,1,0
BRDA:37,2,0,0
BRDA:37,2,1,0
BRDA:37,2,2,0
BRDA:40,3,0,0
BRDA:40,3,1,0
BRDA:40,3,2,0
BRDA:53,4,0,0
BRDA:53,4,1,0
BRDA:76,5,0,0
BRDA:76,5,1,0
BRDA:89,6,0,0
BRDA:89,6,1,0
BRDA:105,7,0,4
BRDA:105,7,1,3
BRDA:157,8,0,3
BRDA:157,8,1,0
BRF:20
BRH:6
end_of_record
TN:
SF:src/components/Recipes.js
FN:7,Recipes
FN:21,fetchMealsAPI
FN:23,(anonymous_2)
FN:26,(anonymous_3)
FN:29,fetchDrinksAPI
FN:31,(anonymous_5)
FN:34,(anonymous_6)
FN:37,resetFilters
FN:44,(anonymous_8)
FN:48,(anonymous_9)
FN:52,mealsMap
FN:65,drinksMap
FN:78,setFilter
FN:82,(anonymous_13)
FN:85,(anonymous_14)
FN:89,filter
FN:99,validation
FN:118,(anonymous_17)
FN:123,(anonymous_18)
FN:130,(anonymous_19)
FN:131,(anonymous_20)
FNF:21
FNH:17
FNDA:103,Recipes
FNDA:15,fetchMealsAPI
FNDA:100,(anonymous_2)
FNDA:78,(anonymous_3)
FNDA:15,fetchDrinksAPI
FNDA:50,(anonymous_5)
FNDA:22,(anonymous_6)
FNDA:15,resetFilters
FNDA:0,(anonymous_8)
FNDA:13,(anonymous_9)
FNDA:235,mealsMap
FNDA:0,drinksMap
FNDA:1,setFilter
FNDA:7,(anonymous_13)
FNDA:0,(anonymous_14)
FNDA:1,filter
FNDA:103,validation
FNDA:75,(anonymous_17)
FNDA:1,(anonymous_18)
FNDA:235,(anonymous_19)
FNDA:0,(anonymous_20)
DA:8,103
DA:9,103
DA:11,103
DA:13,103
DA:14,103
DA:15,103
DA:16,103
DA:17,103
DA:18,103
DA:19,103
DA:22,15
DA:23,100
DA:24,4
DA:25,4
DA:26,78
DA:30,15
DA:31,50
DA:32,2
DA:33,2
DA:34,22
DA:38,15
DA:39,15
DA:41,15
DA:43,0
DA:44,0
DA:48,103
DA:49,13
DA:53,235
DA:66,0
DA:79,1
DA:80,1
DA:81,1
DA:82,7
DA:84,0
DA:85,0
DA:90,1
DA:91,0
DA:92,0
DA:94,1
DA:95,1
DA:100,103
DA:101,35
DA:103,68
DA:106,103
DA:108,103
DA:119,75
DA:123,1
DA:130,235
DA:131,0
DA:137,6
LF:50
LH:42
BRDA:38,0,0,15
BRDA:38,0,1,0
BRDA:80,1,0,1
BRDA:80,1,1,0
BRDA:90,2,0,0
BRDA:90,2,1,1
BRDA:100,3,0,35
BRDA:100,3,1,68
BRDA:129,4,0,67
BRDA:129,4,1,36
BRF:10
BRH:7
end_of_record
TN:
SF:src/components/SearchBar.js
FN:17,SearchBar
FN:23,(anonymous_1)
FN:35,(anonymous_2)
FN:47,(anonymous_3)
FN:63,(anonymous_4)
FN:79,(anonymous_5)
FNF:6
FNH:6
FNDA:94,SearchBar
FNDA:13,(anonymous_1)
FNDA:13,(anonymous_2)
FNDA:6,(anonymous_3)
FNDA:6,(anonymous_4)
FNDA:10,(anonymous_5)
DA:18,94
DA:19,93
DA:20,93
DA:21,93
DA:23,93
DA:24,13
DA:25,7
DA:26,1
DA:27,6
DA:28,1
DA:30,5
DA:35,93
DA:36,13
DA:37,6
DA:38,1
DA:39,5
DA:40,1
DA:42,4
DA:47,93
DA:48,6
DA:49,1
DA:50,1
DA:51,5
DA:52,3
DA:53,3
DA:54,2
DA:55,2
DA:56,1
DA:58,2
DA:59,2
DA:63,93
DA:64,6
DA:65,1
DA:66,1
DA:67,5
DA:68,3
DA:69,3
DA:70,2
DA:71,2
DA:72,1
DA:74,2
DA:75,2
DA:79,93
DA:80,10
DA:83,93
LF:45
LH:45
BRDA:24,0,0,7
BRDA:24,0,1,6
BRDA:25,1,0,1
BRDA:25,1,1,6
BRDA:27,2,0,1
BRDA:27,2,1,5
BRDA:36,3,0,6
BRDA:36,3,1,7
BRDA:37,4,0,1
BRDA:37,4,1,5
BRDA:39,5,0,1
BRDA:39,5,1,4
BRDA:48,6,0,1
BRDA:48,6,1,5
BRDA:51,7,0,3
BRDA:51,7,1,2
BRDA:54,8,0,2
BRDA:54,8,1,0
BRDA:55,9,0,1
BRDA:55,9,1,1
BRDA:64,10,0,1
BRDA:64,10,1,5
BRDA:67,11,0,3
BRDA:67,11,1,2
BRDA:70,12,0,2
BRDA:70,12,1,0
BRDA:71,13,0,1
BRDA:71,13,1,1
BRDA:118,14,0,55
BRDA:118,14,1,38
BRF:30
BRH:28
end_of_record
TN:
SF:src/context/AppContext.js
FNF:0
FNH:0
DA:3,7
LF:1
LH:1
BRF:0
BRH:0
end_of_record
TN:
SF:src/context/AppProvider.js
FN:5,AppProvider
FNF:1
FNH:1
FNDA:110,AppProvider
DA:6,110
DA:7,110
DA:8,110
DA:9,110
DA:10,110
DA:11,110
DA:12,110
DA:13,110
DA:15,110
DA:34,110
DA:41,7
LF:11
LH:11
BRF:0
BRH:0
end_of_record
TN:
SF:src/pages/DoneRecipes.js
FN:5,DoneRecipes
FN:10,(anonymous_1)
FNF:2
FNH:0
FNDA:0,DoneRecipes
FNDA:0,(anonymous_1)
DA:8,0
DA:10,0
DA:11,0
DA:12,0
DA:14,0
LF:5
LH:0
BRF:0
BRH:0
end_of_record
TN:
SF:src/pages/DrinkDetails.js
FN:6,DrinkDetails
FN:12,(anonymous_1)
FNF:2
FNH:2
FNDA:3,DrinkDetails
FNDA:3,(anonymous_1)
DA:10,3
DA:12,3
DA:13,3
DA:14,3
DA:17,3
LF:5
LH:5
BRF:0
BRH:0
end_of_record
TN:
SF:src/pages/DrinkInProgress.js
FN:4,DrinkInProgress
FN:9,(anonymous_1)
FNF:2
FNH:0
FNDA:0,DrinkInProgress
FNDA:0,(anonymous_1)
DA:7,0
DA:9,0
DA:10,0
DA:11,0
DA:13,0
LF:5
LH:0
BRF:0
BRH:0
end_of_record
TN:
SF:src/pages/Drinks.js
FN:8,Drinks
FN:13,(anonymous_1)
FNF:2
FNH:2
FNDA:34,Drinks
FNDA:4,(anonymous_1)
DA:11,34
DA:13,33
DA:14,4
DA:15,4
DA:17,33
LF:5
LH:5
BRF:0
BRH:0
end_of_record
TN:
SF:src/pages/FavoriteRecipes.js
FN:5,FavoriteRecipes
FN:9,(anonymous_1)
FNF:2
FNH:0
FNDA:0,FavoriteRecipes
FNDA:0,(anonymous_1)
DA:8,0
DA:9,0
DA:10,0
DA:11,0
DA:13,0
LF:5
LH:0
BRF:0
BRH:0
end_of_record
TN:
SF:src/pages/FoodDetails.js
FN:6,FoodDetails
FN:12,(anonymous_1)
FNF:2
FNH:2
FNDA:4,FoodDetails
FNDA:3,(anonymous_1)
DA:10,4
DA:12,4
DA:13,3
DA:14,3
DA:17,4
LF:5
LH:5
BRF:0
BRH:0
end_of_record
TN:
SF:src/pages/FoodInProgress.js
FN:4,FoodInProgress
FN:9,(anonymous_1)
FNF:2
FNH:0
FNDA:0,FoodInProgress
FNDA:0,(anonymous_1)
DA:7,0
DA:9,0
DA:10,0
DA:11,0
DA:13,0
LF:5
LH:0
BRF:0
BRH:0
end_of_record
TN:
SF:src/pages/Foods.js
FN:8,Foods
FN:12,(anonymous_1)
FNF:2
FNH:2
FNDA:56,Foods
FNDA:7,(anonymous_1)
DA:11,56
DA:12,55
DA:13,7
DA:14,7
DA:17,55
LF:5
LH:5
BRF:0
BRH:0
end_of_record
TN:
SF:src/pages/Login.js
FN:5,Login
FN:12,(anonymous_1)
FN:26,(anonymous_2)
FN:35,(anonymous_3)
FN:43,(anonymous_4)
FNF:5
FNH:5
FNDA:234,Login
FNDA:117,(anonymous_1)
FNDA:110,(anonymous_2)
FNDA:4,(anonymous_3)
FNDA:7,(anonymous_4)
DA:6,234
DA:7,234
DA:8,234
DA:9,234
DA:10,234
DA:12,234
DA:13,117
DA:14,117
DA:15,117
DA:20,5
DA:22,112
DA:26,234
DA:27,110
DA:28,75
DA:30,110
DA:31,35
DA:35,234
DA:36,4
DA:37,4
DA:38,4
DA:39,4
DA:40,4
DA:43,234
DA:44,7
DA:45,7
DA:48,234
LF:26
LH:26
BRDA:15,0,0,5
BRDA:15,0,1,112
BRDA:16,1,0,117
BRDA:16,1,1,5
BRDA:16,1,2,5
BRDA:27,2,0,75
BRDA:27,2,1,35
BRDA:30,3,0,35
BRDA:30,3,1,75
BRF:9
BRH:9
end_of_record
TN:
SF:src/pages/Profile.js
FN:6,Profile
FN:11,(anonymous_1)
FNF:2
FNH:2
FNDA:2,Profile
FNDA:1,(anonymous_1)
DA:9,2
DA:11,2
DA:12,1
DA:13,1
DA:15,2
LF:5
LH:5
BRF:0
BRH:0
end_of_record
TN:
SF:src/services/drinkAPI.js
FN:1,fetchDrinks
FN:11,fetchDrinkIngredients
FN:20,fetchDrinkNames
FN:29,fetchDrinkFirstLetter
FN:36,fetchDrinksCategories
FN:43,drinkDetailAPI
FNF:6
FNH:6
FNDA:15,fetchDrinks
FNDA:1,fetchDrinkIngredients
FNDA:3,fetchDrinkNames
FNDA:2,fetchDrinkFirstLetter
FNDA:2,fetchDrinksCategories
FNDA:3,drinkDetailAPI
DA:2,15
DA:3,15
DA:4,9
DA:5,4
DA:12,1
DA:13,1
DA:14,1
DA:15,1
DA:21,3
DA:22,3
DA:23,3
DA:24,3
DA:30,2
DA:31,2
DA:32,2
DA:33,2
DA:37,2
DA:38,2
DA:39,2
DA:40,2
DA:44,3
DA:45,0
DA:46,0
DA:47,0
LF:24
LH:21
BRF:0
BRH:0
end_of_record
TN:
SF:src/services/foodAPI.js
FN:1,fetchCategories
FN:8,fetchNationalities
FN:15,fetchImages
FN:22,fetchMeals
FN:29,fetchFoodsList
FN:41,foodsCategoriesAPI
FN:52,searchFoods
FN:64,foodDetailAPI
FN:74,fetchIngredients
FN:83,fetchNames
FN:92,fetchFirstLetter
FNF:11
FNH:7
FNDA:0,fetchCategories
FNDA:0,fetchNationalities
FNDA:0,fetchImages
FNDA:15,fetchMeals
FNDA:0,fetchFoodsList
FNDA:4,foodsCategoriesAPI
FNDA:1,searchFoods
FNDA:3,foodDetailAPI
FNDA:1,fetchIngredients
FNDA:3,fetchNames
FNDA:2,fetchFirstLetter
DA:2,0
DA:3,0
DA:4,0
DA:5,0
DA:9,0
DA:10,0
DA:11,0
DA:12,0
DA:16,0
DA:17,0
DA:18,0
DA:19,0
DA:23,15
DA:24,15
DA:25,9
DA:26,4
DA:30,0
DA:32,0
DA:33,0
DA:36,0
DA:37,0
DA:38,0
DA:42,4
DA:44,4
DA:45,0
DA:47,4
DA:48,4
DA:49,4
DA:53,1
DA:55,1
DA:56,0
DA:59,1
DA:60,1
DA:61,1
DA:65,3
DA:66,0
DA:67,0
DA:68,0
DA:75,1
DA:76,1
DA:77,1
DA:78,1
DA:84,3
DA:85,3
DA:86,3
DA:87,3
DA:93,2
DA:94,2
DA:95,2
DA:96,2
LF:50
LH:27
BRDA:32,0,0,0
BRDA:32,0,1,0
BRDA:44,1,0,0
BRDA:44,1,1,4
BRDA:55,2,0,0
BRDA:55,2,1,1
BRF:6
BRH:2
end_of_record
TN:
SF:src/services/helpers/mockIngredientSearch.js
FNF:0
FNH:0
DA:1,0
LF:1
LH:0
BRF:0
BRH:0
end_of_record
TN:
SF:src/services/helpers/renderWithRouter.js
FN:33,(anonymous_0)
FNF:1
FNH:1
FNDA:6,(anonymous_0)
DA:33,1
DA:34,6
DA:35,6
LF:3
LH:3
BRF:0
BRH:0
end_of_record
